<html>
<head>
<title>TestNG:  CromeTest</title>
<link href="../testng.css" rel="stylesheet" type="text/css" />
<link href="../my-testng.css" rel="stylesheet" type="text/css" />

<style type="text/css">
.log { display: none;} 
.stack-trace { display: none;} 
</style>
<script type="text/javascript">
<!--
function flip(e) {
  current = e.style.display;
  if (current == 'block') {
    e.style.display = 'none';
    return 0;
  }
  else {
    e.style.display = 'block';
    return 1;
  }
}

function toggleBox(szDivId, elem, msg1, msg2)
{
  var res = -1;  if (document.getElementById) {
    res = flip(document.getElementById(szDivId));
  }
  else if (document.all) {
    // this is the way old msie versions work
    res = flip(document.all[szDivId]);
  }
  if(elem) {
    if(res == 0) elem.innerHTML = msg1; else elem.innerHTML = msg2;
  }

}

function toggleAllBoxes() {
  if (document.getElementsByTagName) {
    d = document.getElementsByTagName('div');
    for (i = 0; i < d.length; i++) {
      if (d[i].className == 'log') {
        flip(d[i]);
      }
    }
  }
}

// -->
</script>

</head>
<body>
<h2 align='center'>CromeTest</h2><table border='1' align="center">
<tr>
<td>Tests passed/Failed/Skipped:</td><td>3/3/0</td>
</tr><tr>
<td>Started on:</td><td>Tue Aug 20 17:41:17 IDT 2019</td>
</tr>
<tr><td>Total time:</td><td>179 seconds (179077 ms)</td>
</tr><tr>
<td>Included groups:</td><td>error-handling eh sanity </td>
</tr><tr>
<td>Excluded groups:</td><td></td>
</tr>
</table><p/>
<small><i>(Hover the method name to see the test class name)</i></small><p/>
<table width='100%' border='1' class='invocation-failed'>
<tr><td colspan='4' align='center'><b>FAILED TESTS</b></td></tr>
<tr><td><b>Test method</b></td>
<td width="30%"><b>Exception</b></td>
<td width="10%"><b>Time (seconds)</b></td>
<td><b>Instance</b></td>
</tr>
<tr>
<td title='tests.ErrorHTests.numberAsAnswer()'><b>numberAsAnswer</b><br>Test class: tests.ErrorHTests<br/>
<a href="#Output-1871271334" onClick='toggleBox("Output-1871271334", this, "Show output", "Hide output");'>Show output</a>

<a href="#Output-1871271334" onClick="toggleAllBoxes();">Show all outputs</a>
<div class='log' id="Output-1871271334">
number as an answer in setup<br/>
Start game!!<br/>
text expected: Please type here your question<br/>
text expected:  question number: 1<br/>
enter question 1 with A<br/>
Enter first question<br/>
text expected: Please enter 4 possible answers and Mark the right one! <br/>
text expected:  question number: 1<br/>
fill answer as 1<br/>
</div>
</td>
<td><div><pre>org.openqa.selenium.TimeoutException: Expected condition failed: waiting for alert to be present (tried for 5 second(s) with 500 milliseconds interval)
Build info: version: &apos;3.141.59&apos;, revision: &apos;e82be7d358&apos;, time: &apos;2018-11-14T08:25:48&apos;
System info: host: &apos;DESKTOP-CFDBD86&apos;, ip: &apos;192.168.0.110&apos;, os.name: &apos;Windows 10&apos;, os.arch: &apos;amd64&apos;, os.version: &apos;10.0&apos;, java.version: &apos;1.8.0_211&apos;
Driver info: org.openqa.selenium.chrome.ChromeDriver
Capabilities {acceptInsecureCerts: false, browserName: chrome, browserVersion: 76.0.3809.100, chrome: {chromedriverVersion: 75.0.3770.90 (a6dcaf7e3ec6f..., userDataDir: C:\Users\lital\AppData\Loca...}, goog:chromeOptions: {debuggerAddress: localhost:54603}, javascriptEnabled: true, networkConnectionEnabled: false, pageLoadStrategy: normal, platform: XP, platformName: XP, proxy: Proxy(), setWindowRect: true, strictFileInteractability: false, timeouts: {implicit: 0, pageLoad: 300000, script: 30000}, unhandledPromptBehavior: dismiss and notify}
Session ID: 1e99efcc84a008efbd40967a7df6b23f
	at org.openqa.selenium.support.ui.WebDriverWait.timeoutException(WebDriverWait.java:95)
	at org.openqa.selenium.support.ui.FluentWait.until(FluentWait.java:272)
	at Steps.BaseSteps.alertShow(BaseSteps.java:165)
	at Steps.GameSteps.isAlert(GameSteps.java:162)
	at tests.ErrorHTests.numberAsAnswer(ErrorHTests.java:172)
	at java.util.concurrent.FutureTask.run(Unknown Source)
	at java.util.concurrent.ThreadPoolExecutor.runWorker(Unknown Source)
	at java.util.concurrent.ThreadPoolExecutor$Worker.run(Unknown Source)
	at java.lang.Thread.run(Unknown Source)
... Removed 16 stack frames</pre></div><a href='#' onClick='toggleBox("stack-trace1871271334", this, "Click to show all stack frames", "Click to hide stack frames")'>Click to show all stack frames</a>
<div class='stack-trace' id='stack-trace1871271334'><pre>org.openqa.selenium.TimeoutException: Expected condition failed: waiting for alert to be present (tried for 5 second(s) with 500 milliseconds interval)
Build info: version: &apos;3.141.59&apos;, revision: &apos;e82be7d358&apos;, time: &apos;2018-11-14T08:25:48&apos;
System info: host: &apos;DESKTOP-CFDBD86&apos;, ip: &apos;192.168.0.110&apos;, os.name: &apos;Windows 10&apos;, os.arch: &apos;amd64&apos;, os.version: &apos;10.0&apos;, java.version: &apos;1.8.0_211&apos;
Driver info: org.openqa.selenium.chrome.ChromeDriver
Capabilities {acceptInsecureCerts: false, browserName: chrome, browserVersion: 76.0.3809.100, chrome: {chromedriverVersion: 75.0.3770.90 (a6dcaf7e3ec6f..., userDataDir: C:\Users\lital\AppData\Loca...}, goog:chromeOptions: {debuggerAddress: localhost:54603}, javascriptEnabled: true, networkConnectionEnabled: false, pageLoadStrategy: normal, platform: XP, platformName: XP, proxy: Proxy(), setWindowRect: true, strictFileInteractability: false, timeouts: {implicit: 0, pageLoad: 300000, script: 30000}, unhandledPromptBehavior: dismiss and notify}
Session ID: 1e99efcc84a008efbd40967a7df6b23f
	at org.openqa.selenium.support.ui.WebDriverWait.timeoutException(WebDriverWait.java:95)
	at org.openqa.selenium.support.ui.FluentWait.until(FluentWait.java:272)
	at Steps.BaseSteps.alertShow(BaseSteps.java:165)
	at Steps.GameSteps.isAlert(GameSteps.java:162)
	at tests.ErrorHTests.numberAsAnswer(ErrorHTests.java:172)
	at sun.reflect.NativeMethodAccessorImpl.invoke0(Native Method)
	at sun.reflect.NativeMethodAccessorImpl.invoke(Unknown Source)
	at sun.reflect.DelegatingMethodAccessorImpl.invoke(Unknown Source)
	at java.lang.reflect.Method.invoke(Unknown Source)
	at org.testng.internal.MethodInvocationHelper.invokeMethod(MethodInvocationHelper.java:124)
	at org.testng.internal.Invoker.invokeMethod(Invoker.java:583)
	at org.testng.internal.Invoker.invokeTestMethod(Invoker.java:719)
	at org.testng.internal.Invoker.invokeTestMethods(Invoker.java:989)
	at org.testng.internal.TestMethodWorker.invokeTestMethods(TestMethodWorker.java:125)
	at org.testng.internal.TestMethodWorker.run(TestMethodWorker.java:109)
	at org.testng.TestRunner.privateRun(TestRunner.java:648)
	at org.testng.TestRunner.run(TestRunner.java:505)
	at org.testng.SuiteRunner.runTest(SuiteRunner.java:455)
	at org.testng.SuiteRunner.access$000(SuiteRunner.java:40)
	at org.testng.SuiteRunner$SuiteWorker.run(SuiteRunner.java:489)
	at org.testng.internal.thread.ThreadUtil$1.call(ThreadUtil.java:52)
	at java.util.concurrent.FutureTask.run(Unknown Source)
	at java.util.concurrent.ThreadPoolExecutor.runWorker(Unknown Source)
	at java.util.concurrent.ThreadPoolExecutor$Worker.run(Unknown Source)
	at java.lang.Thread.run(Unknown Source)
</pre></div></td>
<td>22</td>
<td>tests.ErrorHTests@457e2f02</td></tr>
<tr>
<td title='tests.ErrorHTests.overMaxCharsQ()'><b>overMaxCharsQ</b><br>Test class: tests.ErrorHTests<br/>
<a href="#Output-1662492424" onClick='toggleBox("Output-1662492424", this, "Show output", "Hide output");'>Show output</a>

<a href="#Output-1662492424" onClick="toggleAllBoxes();">Show all outputs</a>
<div class='log' id="Output-1662492424">
Over max characters in a question<br/>
Start game!!<br/>
text expected: Please type here your question<br/>
text expected:  question number: 1<br/>
entered question: AAAAAAAAAAAAAAAAAAAAAAAAAAAAAAAAAAAAAAAAAAAAAAAAAAA<br/>
enter question 1 with A<br/>
Enter first question<br/>
</div>
</td>
<td><div><pre>java.lang.AssertionError: Error message didn&apos;t show - no error message when max characters in question is over 50 expected [true] but found [false]
	at tests.ErrorHTests.overMaxCharsQ(ErrorHTests.java:104)
	at java.util.concurrent.FutureTask.run(Unknown Source)
	at java.util.concurrent.ThreadPoolExecutor.runWorker(Unknown Source)
	at java.util.concurrent.ThreadPoolExecutor$Worker.run(Unknown Source)
	at java.lang.Thread.run(Unknown Source)
... Removed 19 stack frames</pre></div><a href='#' onClick='toggleBox("stack-trace1662492424", this, "Click to show all stack frames", "Click to hide stack frames")'>Click to show all stack frames</a>
<div class='stack-trace' id='stack-trace1662492424'><pre>java.lang.AssertionError: Error message didn&apos;t show - no error message when max characters in question is over 50 expected [true] but found [false]
	at org.testng.Assert.fail(Assert.java:96)
	at org.testng.Assert.failNotEquals(Assert.java:776)
	at org.testng.Assert.assertTrue(Assert.java:44)
	at tests.ErrorHTests.overMaxCharsQ(ErrorHTests.java:104)
	at sun.reflect.NativeMethodAccessorImpl.invoke0(Native Method)
	at sun.reflect.NativeMethodAccessorImpl.invoke(Unknown Source)
	at sun.reflect.DelegatingMethodAccessorImpl.invoke(Unknown Source)
	at java.lang.reflect.Method.invoke(Unknown Source)
	at org.testng.internal.MethodInvocationHelper.invokeMethod(MethodInvocationHelper.java:124)
	at org.testng.internal.Invoker.invokeMethod(Invoker.java:583)
	at org.testng.internal.Invoker.invokeTestMethod(Invoker.java:719)
	at org.testng.internal.Invoker.invokeTestMethods(Invoker.java:989)
	at org.testng.internal.TestMethodWorker.invokeTestMethods(TestMethodWorker.java:125)
	at org.testng.internal.TestMethodWorker.run(TestMethodWorker.java:109)
	at org.testng.TestRunner.privateRun(TestRunner.java:648)
	at org.testng.TestRunner.run(TestRunner.java:505)
	at org.testng.SuiteRunner.runTest(SuiteRunner.java:455)
	at org.testng.SuiteRunner.access$000(SuiteRunner.java:40)
	at org.testng.SuiteRunner$SuiteWorker.run(SuiteRunner.java:489)
	at org.testng.internal.thread.ThreadUtil$1.call(ThreadUtil.java:52)
	at java.util.concurrent.FutureTask.run(Unknown Source)
	at java.util.concurrent.ThreadPoolExecutor.runWorker(Unknown Source)
	at java.util.concurrent.ThreadPoolExecutor$Worker.run(Unknown Source)
	at java.lang.Thread.run(Unknown Source)
</pre></div></td>
<td>7</td>
<td>tests.ErrorHTests@457e2f02</td></tr>
<tr>
<td title='tests.ErrorHTests.skipFillingAQuestion()'><b>skipFillingAQuestion</b><br>Test class: tests.ErrorHTests<br/>
<a href="#Output-615384486" onClick='toggleBox("Output-615384486", this, "Show output", "Hide output");'>Show output</a>

<a href="#Output-615384486" onClick="toggleAllBoxes();">Show all outputs</a>
<div class='log' id="Output-615384486">
Skip filling a question<br/>
Start game!!<br/>
text expected: Please type here your question<br/>
text expected:  question number: 1<br/>
enter question 1 with A<br/>
Enter first question<br/>
text expected: Please enter 4 possible answers and Mark the right one! <br/>
text expected:  question number: 1<br/>
text expected: Please type here your question<br/>
text expected:  question number: 2<br/>
</div>
</td>
<td><div><pre>org.openqa.selenium.TimeoutException: Expected condition failed: waiting for alert to be present (tried for 5 second(s) with 500 milliseconds interval)
Build info: version: &apos;3.141.59&apos;, revision: &apos;e82be7d358&apos;, time: &apos;2018-11-14T08:25:48&apos;
System info: host: &apos;DESKTOP-CFDBD86&apos;, ip: &apos;192.168.0.110&apos;, os.name: &apos;Windows 10&apos;, os.arch: &apos;amd64&apos;, os.version: &apos;10.0&apos;, java.version: &apos;1.8.0_211&apos;
Driver info: org.openqa.selenium.chrome.ChromeDriver
Capabilities {acceptInsecureCerts: false, browserName: chrome, browserVersion: 76.0.3809.100, chrome: {chromedriverVersion: 75.0.3770.90 (a6dcaf7e3ec6f..., userDataDir: C:\Users\lital\AppData\Loca...}, goog:chromeOptions: {debuggerAddress: localhost:54806}, javascriptEnabled: true, networkConnectionEnabled: false, pageLoadStrategy: normal, platform: XP, platformName: XP, proxy: Proxy(), setWindowRect: true, strictFileInteractability: false, timeouts: {implicit: 0, pageLoad: 300000, script: 30000}, unhandledPromptBehavior: dismiss and notify}
Session ID: 246593159d647c9a7d90f5a2eb07b309
	at org.openqa.selenium.support.ui.WebDriverWait.timeoutException(WebDriverWait.java:95)
	at org.openqa.selenium.support.ui.FluentWait.until(FluentWait.java:272)
	at Steps.BaseSteps.alertShow(BaseSteps.java:165)
	at Steps.GameSteps.isAlert(GameSteps.java:162)
	at tests.ErrorHTests.skipFillingAQuestion(ErrorHTests.java:317)
	at java.util.concurrent.FutureTask.run(Unknown Source)
	at java.util.concurrent.ThreadPoolExecutor.runWorker(Unknown Source)
	at java.util.concurrent.ThreadPoolExecutor$Worker.run(Unknown Source)
	at java.lang.Thread.run(Unknown Source)
... Removed 16 stack frames</pre></div><a href='#' onClick='toggleBox("stack-trace615384486", this, "Click to show all stack frames", "Click to hide stack frames")'>Click to show all stack frames</a>
<div class='stack-trace' id='stack-trace615384486'><pre>org.openqa.selenium.TimeoutException: Expected condition failed: waiting for alert to be present (tried for 5 second(s) with 500 milliseconds interval)
Build info: version: &apos;3.141.59&apos;, revision: &apos;e82be7d358&apos;, time: &apos;2018-11-14T08:25:48&apos;
System info: host: &apos;DESKTOP-CFDBD86&apos;, ip: &apos;192.168.0.110&apos;, os.name: &apos;Windows 10&apos;, os.arch: &apos;amd64&apos;, os.version: &apos;10.0&apos;, java.version: &apos;1.8.0_211&apos;
Driver info: org.openqa.selenium.chrome.ChromeDriver
Capabilities {acceptInsecureCerts: false, browserName: chrome, browserVersion: 76.0.3809.100, chrome: {chromedriverVersion: 75.0.3770.90 (a6dcaf7e3ec6f..., userDataDir: C:\Users\lital\AppData\Loca...}, goog:chromeOptions: {debuggerAddress: localhost:54806}, javascriptEnabled: true, networkConnectionEnabled: false, pageLoadStrategy: normal, platform: XP, platformName: XP, proxy: Proxy(), setWindowRect: true, strictFileInteractability: false, timeouts: {implicit: 0, pageLoad: 300000, script: 30000}, unhandledPromptBehavior: dismiss and notify}
Session ID: 246593159d647c9a7d90f5a2eb07b309
	at org.openqa.selenium.support.ui.WebDriverWait.timeoutException(WebDriverWait.java:95)
	at org.openqa.selenium.support.ui.FluentWait.until(FluentWait.java:272)
	at Steps.BaseSteps.alertShow(BaseSteps.java:165)
	at Steps.GameSteps.isAlert(GameSteps.java:162)
	at tests.ErrorHTests.skipFillingAQuestion(ErrorHTests.java:317)
	at sun.reflect.NativeMethodAccessorImpl.invoke0(Native Method)
	at sun.reflect.NativeMethodAccessorImpl.invoke(Unknown Source)
	at sun.reflect.DelegatingMethodAccessorImpl.invoke(Unknown Source)
	at java.lang.reflect.Method.invoke(Unknown Source)
	at org.testng.internal.MethodInvocationHelper.invokeMethod(MethodInvocationHelper.java:124)
	at org.testng.internal.Invoker.invokeMethod(Invoker.java:583)
	at org.testng.internal.Invoker.invokeTestMethod(Invoker.java:719)
	at org.testng.internal.Invoker.invokeTestMethods(Invoker.java:989)
	at org.testng.internal.TestMethodWorker.invokeTestMethods(TestMethodWorker.java:125)
	at org.testng.internal.TestMethodWorker.run(TestMethodWorker.java:109)
	at org.testng.TestRunner.privateRun(TestRunner.java:648)
	at org.testng.TestRunner.run(TestRunner.java:505)
	at org.testng.SuiteRunner.runTest(SuiteRunner.java:455)
	at org.testng.SuiteRunner.access$000(SuiteRunner.java:40)
	at org.testng.SuiteRunner$SuiteWorker.run(SuiteRunner.java:489)
	at org.testng.internal.thread.ThreadUtil$1.call(ThreadUtil.java:52)
	at java.util.concurrent.FutureTask.run(Unknown Source)
	at java.util.concurrent.ThreadPoolExecutor.runWorker(Unknown Source)
	at java.util.concurrent.ThreadPoolExecutor$Worker.run(Unknown Source)
	at java.lang.Thread.run(Unknown Source)
</pre></div></td>
<td>23</td>
<td>tests.ErrorHTests@457e2f02</td></tr>
</table><p>
<table width='100%' border='1' class='invocation-passed'>
<tr><td colspan='4' align='center'><b>PASSED TESTS</b></td></tr>
<tr><td><b>Test method</b></td>
<td width="30%"><b>Exception</b></td>
<td width="10%"><b>Time (seconds)</b></td>
<td><b>Instance</b></td>
</tr>
<tr>
<td title='tests.ErrorHTests.answerNotChecked()'><b>answerNotChecked</b><br>Test class: tests.ErrorHTests<br/>
<a href="#Output-1237043637" onClick='toggleBox("Output-1237043637", this, "Show output", "Hide output");'>Show output</a>

<a href="#Output-1237043637" onClick="toggleAllBoxes();">Show all outputs</a>
<div class='log' id="Output-1237043637">
Answer at setup is not checked<br/>
Start game!!<br/>
text expected: Please type here your question<br/>
text expected:  question number: 1<br/>
enter question 1 with A<br/>
Enter first question<br/>
text expected: Please enter 4 possible answers and Mark the right one! <br/>
text expected:  question number: 1<br/>
alert was present<br/>
</div>
</td>
<td></td>
<td>14</td>
<td>tests.ErrorHTests@457e2f02</td></tr>
<tr>
<td title='tests.ErrorHTests.changeAnswerInSetup()'><b>changeAnswerInSetup</b><br>Test class: tests.ErrorHTests<br/>
<a href="#Output-156142405" onClick='toggleBox("Output-156142405", this, "Show output", "Hide output");'>Show output</a>

<a href="#Output-156142405" onClick="toggleAllBoxes();">Show all outputs</a>
<div class='log' id="Output-156142405">
Change selection of answer in setup stage<br/>
Start game!!<br/>
text expected: Please type here your question<br/>
text expected:  question number: 1<br/>
enter question 1 with A<br/>
Enter first question<br/>
text expected: Please enter 4 possible answers and Mark the right one! <br/>
text expected:  question number: 1<br/>
text expected: Please type here your question<br/>
text expected:  question number: 2<br/>
</div>
</td>
<td></td>
<td>23</td>
<td>tests.ErrorHTests@457e2f02</td></tr>
<tr>
<td title='tests.SanityTest.sanityTest()'><b>sanityTest</b><br>Test class: tests.SanityTest<br/>
<a href="#Output-1482508029" onClick='toggleBox("Output-1482508029", this, "Show output", "Hide output");'>Show output</a>

<a href="#Output-1482508029" onClick="toggleAllBoxes();">Show all outputs</a>
<div class='log' id="Output-1482508029">
Start game!!<br/>
text expected: Please type here your question<br/>
text expected:  question number: 1<br/>
enter question 1 with A<br/>
Enter first question<br/>
text expected: Please enter 4 possible answers and Mark the right one! <br/>
text expected:  question number: 1<br/>
text expected: Please type here your question<br/>
text expected:  question number: 2<br/>
enter question 2 with B<br/>
Enter first question<br/>
text expected: Please enter 4 possible answers and Mark the right one! <br/>
text expected:  question number: 2<br/>
text expected: Please type here your question<br/>
text expected:  question number: 3<br/>
enter question 3 with C<br/>
Enter first question<br/>
text expected: Please enter 4 possible answers and Mark the right one! <br/>
text expected:  question number: 3<br/>
text expected: You finished to build the test - lets play!!<br/>
Let us play!!<br/>
text expected: Test<br/>
Answer checked on line: 1<br/>
text expected: Test<br/>
Answer checked on line: 1<br/>
text expected: Test<br/>
Answer checked on line: 1<br/>
text expected: Try again<br/>
Sanity test finished!!<br/>
</div>
</td>
<td></td>
<td>57</td>
<td>tests.SanityTest@4cc0edeb</td></tr>
</table><p>
</body>
</html>