<?xml version="1.0" encoding="UTF-8"?>
<!-- Generated by org.testng.reporters.JUnitXMLReporter -->
<testsuite hostname="DESKTOP-CFDBD86" ignored="9" name="CromeTest" tests="6" failures="3" timestamp="20 Aug 2019 14:44:16 GMT" time="179.077" errors="0">
  <testcase name="sanityTest" time="57.399" classname="tests.SanityTest"/>
  <testcase name="answerNotChecked" time="14.247" classname="tests.ErrorHTests"/>
  <testcase name="changeAnswerInSetup" time="23.724" classname="tests.ErrorHTests"/>
  <testcase name="numberAsAnswer" time="22.46" classname="tests.ErrorHTests">
    <failure type="org.openqa.selenium.TimeoutException" message="Expected condition failed: waiting for alert to be present (tried for 5 second(s) with 500 milliseconds interval)
Build info: version: &amp;apos;3.141.59&amp;apos;, revision: &amp;apos;e82be7d358&amp;apos;, time: &amp;apos;2018-11-14T08:25:48&amp;apos;
System info: host: &amp;apos;DESKTOP-CFDBD86&amp;apos;, ip: &amp;apos;192.168.0.110&amp;apos;, os.name: &amp;apos;Windows 10&amp;apos;, os.arch: &amp;apos;amd64&amp;apos;, os.version: &amp;apos;10.0&amp;apos;, java.version: &amp;apos;1.8.0_211&amp;apos;
Driver info: org.openqa.selenium.chrome.ChromeDriver
Capabilities {acceptInsecureCerts: false, browserName: chrome, browserVersion: 76.0.3809.100, chrome: {chromedriverVersion: 75.0.3770.90 (a6dcaf7e3ec6f..., userDataDir: C:\Users\lital\AppData\Loca...}, goog:chromeOptions: {debuggerAddress: localhost:54603}, javascriptEnabled: true, networkConnectionEnabled: false, pageLoadStrategy: normal, platform: XP, platformName: XP, proxy: Proxy(), setWindowRect: true, strictFileInteractability: false, timeouts: {implicit: 0, pageLoad: 300000, script: 30000}, unhandledPromptBehavior: dismiss and notify}
Session ID: 1e99efcc84a008efbd40967a7df6b23f">
      <![CDATA[org.openqa.selenium.TimeoutException: Expected condition failed: waiting for alert to be present (tried for 5 second(s) with 500 milliseconds interval)
Build info: version: '3.141.59', revision: 'e82be7d358', time: '2018-11-14T08:25:48'
System info: host: 'DESKTOP-CFDBD86', ip: '192.168.0.110', os.name: 'Windows 10', os.arch: 'amd64', os.version: '10.0', java.version: '1.8.0_211'
Driver info: org.openqa.selenium.chrome.ChromeDriver
Capabilities {acceptInsecureCerts: false, browserName: chrome, browserVersion: 76.0.3809.100, chrome: {chromedriverVersion: 75.0.3770.90 (a6dcaf7e3ec6f..., userDataDir: C:\Users\lital\AppData\Loca...}, goog:chromeOptions: {debuggerAddress: localhost:54603}, javascriptEnabled: true, networkConnectionEnabled: false, pageLoadStrategy: normal, platform: XP, platformName: XP, proxy: Proxy(), setWindowRect: true, strictFileInteractability: false, timeouts: {implicit: 0, pageLoad: 300000, script: 30000}, unhandledPromptBehavior: dismiss and notify}
Session ID: 1e99efcc84a008efbd40967a7df6b23f
at org.openqa.selenium.support.ui.WebDriverWait.timeoutException(WebDriverWait.java:95)
at org.openqa.selenium.support.ui.FluentWait.until(FluentWait.java:272)
at Steps.BaseSteps.alertShow(BaseSteps.java:165)
at Steps.GameSteps.isAlert(GameSteps.java:162)
at tests.ErrorHTests.numberAsAnswer(ErrorHTests.java:172)
at java.util.concurrent.FutureTask.run(Unknown Source)
at java.util.concurrent.ThreadPoolExecutor.runWorker(Unknown Source)
at java.util.concurrent.ThreadPoolExecutor$Worker.run(Unknown Source)
at java.lang.Thread.run(Unknown Source)
... Removed 16 stack frames]]>
    </failure>
  </testcase> <!-- numberAsAnswer -->
  <testcase name="overMaxCharsQ" time="7.645" classname="tests.ErrorHTests">
    <failure type="java.lang.AssertionError" message="Error message didn&amp;apos;t show - no error message when max characters in question is over 50 expected [true] but found [false]">
      <![CDATA[java.lang.AssertionError: Error message didn't show - no error message when max characters in question is over 50 expected [true] but found [false]
at tests.ErrorHTests.overMaxCharsQ(ErrorHTests.java:104)
at java.util.concurrent.FutureTask.run(Unknown Source)
at java.util.concurrent.ThreadPoolExecutor.runWorker(Unknown Source)
at java.util.concurrent.ThreadPoolExecutor$Worker.run(Unknown Source)
at java.lang.Thread.run(Unknown Source)
... Removed 19 stack frames]]>
    </failure>
  </testcase> <!-- overMaxCharsQ -->
  <testcase name="skipFillingAQuestion" time="23.602" classname="tests.ErrorHTests">
    <failure type="org.openqa.selenium.TimeoutException" message="Expected condition failed: waiting for alert to be present (tried for 5 second(s) with 500 milliseconds interval)
Build info: version: &amp;apos;3.141.59&amp;apos;, revision: &amp;apos;e82be7d358&amp;apos;, time: &amp;apos;2018-11-14T08:25:48&amp;apos;
System info: host: &amp;apos;DESKTOP-CFDBD86&amp;apos;, ip: &amp;apos;192.168.0.110&amp;apos;, os.name: &amp;apos;Windows 10&amp;apos;, os.arch: &amp;apos;amd64&amp;apos;, os.version: &amp;apos;10.0&amp;apos;, java.version: &amp;apos;1.8.0_211&amp;apos;
Driver info: org.openqa.selenium.chrome.ChromeDriver
Capabilities {acceptInsecureCerts: false, browserName: chrome, browserVersion: 76.0.3809.100, chrome: {chromedriverVersion: 75.0.3770.90 (a6dcaf7e3ec6f..., userDataDir: C:\Users\lital\AppData\Loca...}, goog:chromeOptions: {debuggerAddress: localhost:54806}, javascriptEnabled: true, networkConnectionEnabled: false, pageLoadStrategy: normal, platform: XP, platformName: XP, proxy: Proxy(), setWindowRect: true, strictFileInteractability: false, timeouts: {implicit: 0, pageLoad: 300000, script: 30000}, unhandledPromptBehavior: dismiss and notify}
Session ID: 246593159d647c9a7d90f5a2eb07b309">
      <![CDATA[org.openqa.selenium.TimeoutException: Expected condition failed: waiting for alert to be present (tried for 5 second(s) with 500 milliseconds interval)
Build info: version: '3.141.59', revision: 'e82be7d358', time: '2018-11-14T08:25:48'
System info: host: 'DESKTOP-CFDBD86', ip: '192.168.0.110', os.name: 'Windows 10', os.arch: 'amd64', os.version: '10.0', java.version: '1.8.0_211'
Driver info: org.openqa.selenium.chrome.ChromeDriver
Capabilities {acceptInsecureCerts: false, browserName: chrome, browserVersion: 76.0.3809.100, chrome: {chromedriverVersion: 75.0.3770.90 (a6dcaf7e3ec6f..., userDataDir: C:\Users\lital\AppData\Loca...}, goog:chromeOptions: {debuggerAddress: localhost:54806}, javascriptEnabled: true, networkConnectionEnabled: false, pageLoadStrategy: normal, platform: XP, platformName: XP, proxy: Proxy(), setWindowRect: true, strictFileInteractability: false, timeouts: {implicit: 0, pageLoad: 300000, script: 30000}, unhandledPromptBehavior: dismiss and notify}
Session ID: 246593159d647c9a7d90f5a2eb07b309
at org.openqa.selenium.support.ui.WebDriverWait.timeoutException(WebDriverWait.java:95)
at org.openqa.selenium.support.ui.FluentWait.until(FluentWait.java:272)
at Steps.BaseSteps.alertShow(BaseSteps.java:165)
at Steps.GameSteps.isAlert(GameSteps.java:162)
at tests.ErrorHTests.skipFillingAQuestion(ErrorHTests.java:317)
at java.util.concurrent.FutureTask.run(Unknown Source)
at java.util.concurrent.ThreadPoolExecutor.runWorker(Unknown Source)
at java.util.concurrent.ThreadPoolExecutor$Worker.run(Unknown Source)
at java.lang.Thread.run(Unknown Source)
... Removed 16 stack frames]]>
    </failure>
  </testcase> <!-- skipFillingAQuestion -->
  <testcase name="selectAnswer24EachQ" time="0.0" classname="tests.FuncTests">
    <ignored/>
  </testcase> <!-- selectAnswer24EachQ -->
  <testcase name="selectAnswer44EachQ" time="0.0" classname="tests.FuncTests">
    <ignored/>
  </testcase> <!-- selectAnswer44EachQ -->
  <testcase name="quitAfterSetup" time="0.0" classname="tests.FuncTests">
    <ignored/>
  </testcase> <!-- quitAfterSetup -->
  <testcase name="addQmarkAutomaticlly" time="0.0" classname="tests.FuncTests">
    <ignored/>
  </testcase> <!-- addQmarkAutomaticlly -->
  <testcase name="tryAgain" time="0.0" classname="tests.FuncTests">
    <ignored/>
  </testcase> <!-- tryAgain -->
  <testcase name="selectAnswerVar4EachQ" time="0.0" classname="tests.FuncTests">
    <ignored/>
  </testcase> <!-- selectAnswerVar4EachQ -->
  <testcase name="selectAnswer34EachQ" time="0.0" classname="tests.FuncTests">
    <ignored/>
  </testcase> <!-- selectAnswer34EachQ -->
  <testcase name="back2PrevQ" time="0.0" classname="tests.FuncTests">
    <ignored/>
  </testcase> <!-- back2PrevQ -->
  <testcase name="quitGame" time="0.0" classname="tests.FuncTests">
    <ignored/>
  </testcase> <!-- quitGame -->
</testsuite> <!-- CromeTest -->
