<html>
<head>
<title>TestNG:  FirefoxTest</title>
<link href="../testng.css" rel="stylesheet" type="text/css" />
<link href="../my-testng.css" rel="stylesheet" type="text/css" />

<style type="text/css">
.log { display: none;} 
.stack-trace { display: none;} 
</style>
<script type="text/javascript">
<!--
function flip(e) {
  current = e.style.display;
  if (current == 'block') {
    e.style.display = 'none';
    return 0;
  }
  else {
    e.style.display = 'block';
    return 1;
  }
}

function toggleBox(szDivId, elem, msg1, msg2)
{
  var res = -1;  if (document.getElementById) {
    res = flip(document.getElementById(szDivId));
  }
  else if (document.all) {
    // this is the way old msie versions work
    res = flip(document.all[szDivId]);
  }
  if(elem) {
    if(res == 0) elem.innerHTML = msg1; else elem.innerHTML = msg2;
  }

}

function toggleAllBoxes() {
  if (document.getElementsByTagName) {
    d = document.getElementsByTagName('div');
    for (i = 0; i < d.length; i++) {
      if (d[i].className == 'log') {
        flip(d[i]);
      }
    }
  }
}

// -->
</script>

</head>
<body>
<h2 align='center'>FirefoxTest</h2><table border='1' align="center">
<tr>
<td>Tests passed/Failed/Skipped:</td><td>4/7/0</td>
</tr><tr>
<td>Started on:</td><td>Sun Aug 25 18:19:27 IDT 2019</td>
</tr>
<tr><td>Total time:</td><td>426 seconds (426969 ms)</td>
</tr><tr>
<td>Included groups:</td><td>error-handling eh sanity </td>
</tr><tr>
<td>Excluded groups:</td><td></td>
</tr>
</table><p/>
<small><i>(Hover the method name to see the test class name)</i></small><p/>
<table width='100%' border='1' class='invocation-failed'>
<tr><td colspan='4' align='center'><b>FAILED TESTS</b></td></tr>
<tr><td><b>Test method</b></td>
<td width="30%"><b>Exception</b></td>
<td width="10%"><b>Time (seconds)</b></td>
<td><b>Instance</b></td>
</tr>
<tr>
<td title='tests.ErrorHTests.QinAnotherLang()'><b>QinAnotherLang</b><br>Test class: tests.ErrorHTests<br/>
<a href="#Output-606362832" onClick='toggleBox("Output-606362832", this, "Show output", "Hide output");'>Show output</a>

<a href="#Output-606362832" onClick="toggleAllBoxes();">Show all outputs</a>
<div class='log' id="Output-606362832">
input question in another language at setup<br/>
</div>
</td>
<td><div><pre>org.openqa.selenium.WebDriverException: Reached error page: about:neterror?e=netTimeout&amp;u=https%3A//svcollegetest.000webhostapp.com/&amp;c=UTF-8&amp;f=regular&amp;d=The%20server%20at%20svcollegetest.000webhostapp.com%20is%20taking%20too%20long%20to%20respond.
Build info: version: &apos;3.141.59&apos;, revision: &apos;e82be7d358&apos;, time: &apos;2018-11-14T08:25:48&apos;
System info: host: &apos;DESKTOP-CFDBD86&apos;, ip: &apos;192.168.0.110&apos;, os.name: &apos;Windows 10&apos;, os.arch: &apos;amd64&apos;, os.version: &apos;10.0&apos;, java.version: &apos;1.8.0_211&apos;
Driver info: org.openqa.selenium.firefox.FirefoxDriver
Capabilities {acceptInsecureCerts: true, browserName: firefox, browserVersion: 68.0, javascriptEnabled: true, moz:accessibilityChecks: false, moz:buildID: 20190705220548, moz:geckodriverVersion: 0.24.0, moz:headless: false, moz:processID: 16792, moz:profile: C:\Users\lital\AppData\Loca..., moz:shutdownTimeout: 60000, moz:useNonSpecCompliantPointerOrigin: false, moz:webdriverClick: true, pageLoadStrategy: normal, platform: WINDOWS, platformName: WINDOWS, platformVersion: 10.0, rotatable: false, setWindowRect: true, strictFileInteractability: false, timeouts: {implicit: 0, pageLoad: 300000, script: 30000}, unhandledPromptBehavior: dismiss and notify}
Session ID: 93a3125e-235d-4bfe-8694-b3a02d5545bc
	at org.openqa.selenium.remote.http.W3CHttpResponseCodec.createException(W3CHttpResponseCodec.java:187)
	at org.openqa.selenium.remote.http.W3CHttpResponseCodec.decode(W3CHttpResponseCodec.java:122)
	at org.openqa.selenium.remote.http.W3CHttpResponseCodec.decode(W3CHttpResponseCodec.java:49)
	at org.openqa.selenium.remote.HttpCommandExecutor.execute(HttpCommandExecutor.java:158)
	at org.openqa.selenium.remote.service.DriverCommandExecutor.execute(DriverCommandExecutor.java:83)
	at org.openqa.selenium.remote.RemoteWebDriver.execute(RemoteWebDriver.java:552)
	at org.openqa.selenium.remote.RemoteWebDriver.get(RemoteWebDriver.java:277)
	at Steps.BaseSteps.OpenPage(BaseSteps.java:26)
	at Steps.GameSteps.openPage(GameSteps.java:45)
	at tests.ErrorHTests.QinAnotherLang(ErrorHTests.java:331)
	at java.util.concurrent.FutureTask.run(Unknown Source)
	at java.util.concurrent.ThreadPoolExecutor.runWorker(Unknown Source)
	at java.util.concurrent.ThreadPoolExecutor$Worker.run(Unknown Source)
	at java.lang.Thread.run(Unknown Source)
... Removed 20 stack frames</pre></div><a href='#' onClick='toggleBox("stack-trace606362832", this, "Click to show all stack frames", "Click to hide stack frames")'>Click to show all stack frames</a>
<div class='stack-trace' id='stack-trace606362832'><pre>org.openqa.selenium.WebDriverException: Reached error page: about:neterror?e=netTimeout&amp;u=https%3A//svcollegetest.000webhostapp.com/&amp;c=UTF-8&amp;f=regular&amp;d=The%20server%20at%20svcollegetest.000webhostapp.com%20is%20taking%20too%20long%20to%20respond.
Build info: version: &apos;3.141.59&apos;, revision: &apos;e82be7d358&apos;, time: &apos;2018-11-14T08:25:48&apos;
System info: host: &apos;DESKTOP-CFDBD86&apos;, ip: &apos;192.168.0.110&apos;, os.name: &apos;Windows 10&apos;, os.arch: &apos;amd64&apos;, os.version: &apos;10.0&apos;, java.version: &apos;1.8.0_211&apos;
Driver info: org.openqa.selenium.firefox.FirefoxDriver
Capabilities {acceptInsecureCerts: true, browserName: firefox, browserVersion: 68.0, javascriptEnabled: true, moz:accessibilityChecks: false, moz:buildID: 20190705220548, moz:geckodriverVersion: 0.24.0, moz:headless: false, moz:processID: 16792, moz:profile: C:\Users\lital\AppData\Loca..., moz:shutdownTimeout: 60000, moz:useNonSpecCompliantPointerOrigin: false, moz:webdriverClick: true, pageLoadStrategy: normal, platform: WINDOWS, platformName: WINDOWS, platformVersion: 10.0, rotatable: false, setWindowRect: true, strictFileInteractability: false, timeouts: {implicit: 0, pageLoad: 300000, script: 30000}, unhandledPromptBehavior: dismiss and notify}
Session ID: 93a3125e-235d-4bfe-8694-b3a02d5545bc
	at sun.reflect.NativeConstructorAccessorImpl.newInstance0(Native Method)
	at sun.reflect.NativeConstructorAccessorImpl.newInstance(Unknown Source)
	at sun.reflect.DelegatingConstructorAccessorImpl.newInstance(Unknown Source)
	at java.lang.reflect.Constructor.newInstance(Unknown Source)
	at org.openqa.selenium.remote.http.W3CHttpResponseCodec.createException(W3CHttpResponseCodec.java:187)
	at org.openqa.selenium.remote.http.W3CHttpResponseCodec.decode(W3CHttpResponseCodec.java:122)
	at org.openqa.selenium.remote.http.W3CHttpResponseCodec.decode(W3CHttpResponseCodec.java:49)
	at org.openqa.selenium.remote.HttpCommandExecutor.execute(HttpCommandExecutor.java:158)
	at org.openqa.selenium.remote.service.DriverCommandExecutor.execute(DriverCommandExecutor.java:83)
	at org.openqa.selenium.remote.RemoteWebDriver.execute(RemoteWebDriver.java:552)
	at org.openqa.selenium.remote.RemoteWebDriver.get(RemoteWebDriver.java:277)
	at Steps.BaseSteps.OpenPage(BaseSteps.java:26)
	at Steps.GameSteps.openPage(GameSteps.java:45)
	at tests.ErrorHTests.QinAnotherLang(ErrorHTests.java:331)
	at sun.reflect.NativeMethodAccessorImpl.invoke0(Native Method)
	at sun.reflect.NativeMethodAccessorImpl.invoke(Unknown Source)
	at sun.reflect.DelegatingMethodAccessorImpl.invoke(Unknown Source)
	at java.lang.reflect.Method.invoke(Unknown Source)
	at org.testng.internal.MethodInvocationHelper.invokeMethod(MethodInvocationHelper.java:124)
	at org.testng.internal.Invoker.invokeMethod(Invoker.java:583)
	at org.testng.internal.Invoker.invokeTestMethod(Invoker.java:719)
	at org.testng.internal.Invoker.invokeTestMethods(Invoker.java:989)
	at org.testng.internal.TestMethodWorker.invokeTestMethods(TestMethodWorker.java:125)
	at org.testng.internal.TestMethodWorker.run(TestMethodWorker.java:109)
	at org.testng.TestRunner.privateRun(TestRunner.java:648)
	at org.testng.TestRunner.run(TestRunner.java:505)
	at org.testng.SuiteRunner.runTest(SuiteRunner.java:455)
	at org.testng.SuiteRunner.access$000(SuiteRunner.java:40)
	at org.testng.SuiteRunner$SuiteWorker.run(SuiteRunner.java:489)
	at org.testng.internal.thread.ThreadUtil$1.call(ThreadUtil.java:52)
	at java.util.concurrent.FutureTask.run(Unknown Source)
	at java.util.concurrent.ThreadPoolExecutor.runWorker(Unknown Source)
	at java.util.concurrent.ThreadPoolExecutor$Worker.run(Unknown Source)
	at java.lang.Thread.run(Unknown Source)
</pre></div></td>
<td>21</td>
<td>tests.ErrorHTests@42d80b78</td></tr>
<tr>
<td title='tests.ErrorHTests.answersAfterLastQBack()'><b>answersAfterLastQBack</b><br>Test class: tests.ErrorHTests<br/>
<a href="#Output-226280657" onClick='toggleBox("Output-226280657", this, "Show output", "Hide output");'>Show output</a>

<a href="#Output-226280657" onClick="toggleAllBoxes();">Show all outputs</a>
<div class='log' id="Output-226280657">
Check answers of last question after back button press<br/>
Start game!!<br/>
text expected: Please type here your question<br/>
text expected:  question number: 1<br/>
enter question 1 with A<br/>
Enter first question<br/>
text expected: Please enter 4 possible answers and Mark the right one! <br/>
text expected:  question number: 1<br/>
text expected: Please type here your question<br/>
text expected:  question number: 2<br/>
enter question 2 with B<br/>
Enter first question<br/>
text expected: Please enter 4 possible answers and Mark the right one! <br/>
text expected:  question number: 2<br/>
text expected: Please type here your question<br/>
text expected:  question number: 3<br/>
enter question 3 with C<br/>
Enter first question<br/>
text expected: Please enter 4 possible answers and Mark the right one! <br/>
text expected:  question number: 3<br/>
text expected: Please type here your question<br/>
text expected:  question number: 2<br/>
text expected: Please enter 4 possible answers and Mark the right one! <br/>
text expected:  question number: 3<br/>
</div>
</td>
<td><div><pre>java.lang.AssertionError: The following asserts failed:
	This is not question 2 screen expected [true] but found [false]
	at tests.ErrorHTests.answersAfterLastQBack(ErrorHTests.java:742)
	at java.util.concurrent.FutureTask.run(Unknown Source)
	at java.util.concurrent.ThreadPoolExecutor.runWorker(Unknown Source)
	at java.util.concurrent.ThreadPoolExecutor$Worker.run(Unknown Source)
	at java.lang.Thread.run(Unknown Source)
... Removed 17 stack frames</pre></div><a href='#' onClick='toggleBox("stack-trace226280657", this, "Click to show all stack frames", "Click to hide stack frames")'>Click to show all stack frames</a>
<div class='stack-trace' id='stack-trace226280657'><pre>java.lang.AssertionError: The following asserts failed:
	This is not question 2 screen expected [true] but found [false]
	at org.testng.asserts.SoftAssert.assertAll(SoftAssert.java:43)
	at tests.ErrorHTests.answersAfterLastQBack(ErrorHTests.java:742)
	at sun.reflect.NativeMethodAccessorImpl.invoke0(Native Method)
	at sun.reflect.NativeMethodAccessorImpl.invoke(Unknown Source)
	at sun.reflect.DelegatingMethodAccessorImpl.invoke(Unknown Source)
	at java.lang.reflect.Method.invoke(Unknown Source)
	at org.testng.internal.MethodInvocationHelper.invokeMethod(MethodInvocationHelper.java:124)
	at org.testng.internal.Invoker.invokeMethod(Invoker.java:583)
	at org.testng.internal.Invoker.invokeTestMethod(Invoker.java:719)
	at org.testng.internal.Invoker.invokeTestMethods(Invoker.java:989)
	at org.testng.internal.TestMethodWorker.invokeTestMethods(TestMethodWorker.java:125)
	at org.testng.internal.TestMethodWorker.run(TestMethodWorker.java:109)
	at org.testng.TestRunner.privateRun(TestRunner.java:648)
	at org.testng.TestRunner.run(TestRunner.java:505)
	at org.testng.SuiteRunner.runTest(SuiteRunner.java:455)
	at org.testng.SuiteRunner.access$000(SuiteRunner.java:40)
	at org.testng.SuiteRunner$SuiteWorker.run(SuiteRunner.java:489)
	at org.testng.internal.thread.ThreadUtil$1.call(ThreadUtil.java:52)
	at java.util.concurrent.FutureTask.run(Unknown Source)
	at java.util.concurrent.ThreadPoolExecutor.runWorker(Unknown Source)
	at java.util.concurrent.ThreadPoolExecutor$Worker.run(Unknown Source)
	at java.lang.Thread.run(Unknown Source)
</pre></div></td>
<td>43</td>
<td>tests.ErrorHTests@42d80b78</td></tr>
<tr>
<td title='tests.ErrorHTests.lastQback42Q()'><b>lastQback42Q</b><br>Test class: tests.ErrorHTests<br/>
<a href="#Output-2021593474" onClick='toggleBox("Output-2021593474", this, "Show output", "Hide output");'>Show output</a>

<a href="#Output-2021593474" onClick="toggleAllBoxes();">Show all outputs</a>
<div class='log' id="Output-2021593474">
Go back from final question to previous question<br/>
Start game!!<br/>
text expected: Please type here your question<br/>
text expected:  question number: 1<br/>
enter question 1 with A<br/>
Enter first question<br/>
text expected: Please enter 4 possible answers and Mark the right one! <br/>
text expected:  question number: 1<br/>
text expected: Please type here your question<br/>
text expected:  question number: 2<br/>
enter question 2 with B<br/>
Enter first question<br/>
text expected: Please enter 4 possible answers and Mark the right one! <br/>
text expected:  question number: 2<br/>
text expected: Please type here your question<br/>
text expected:  question number: 3<br/>
enter question 3 with C<br/>
Enter first question<br/>
text expected: Please enter 4 possible answers and Mark the right one! <br/>
text expected:  question number: 3<br/>
text expected: Please type here your question<br/>
text expected:  question number: 2<br/>
text expected: Please type here your question<br/>
text expected:  question number: 2<br/>
</div>
</td>
<td><div><pre>java.lang.AssertionError: The following asserts failed:
	This is not question 2 screen expected [true] but found [false],
	This is not question 2 screen expected [true] but found [false]
	at tests.ErrorHTests.lastQback42Q(ErrorHTests.java:577)
	at java.util.concurrent.FutureTask.run(Unknown Source)
	at java.util.concurrent.ThreadPoolExecutor.runWorker(Unknown Source)
	at java.util.concurrent.ThreadPoolExecutor$Worker.run(Unknown Source)
	at java.lang.Thread.run(Unknown Source)
... Removed 17 stack frames</pre></div><a href='#' onClick='toggleBox("stack-trace2021593474", this, "Click to show all stack frames", "Click to hide stack frames")'>Click to show all stack frames</a>
<div class='stack-trace' id='stack-trace2021593474'><pre>java.lang.AssertionError: The following asserts failed:
	This is not question 2 screen expected [true] but found [false],
	This is not question 2 screen expected [true] but found [false]
	at org.testng.asserts.SoftAssert.assertAll(SoftAssert.java:43)
	at tests.ErrorHTests.lastQback42Q(ErrorHTests.java:577)
	at sun.reflect.NativeMethodAccessorImpl.invoke0(Native Method)
	at sun.reflect.NativeMethodAccessorImpl.invoke(Unknown Source)
	at sun.reflect.DelegatingMethodAccessorImpl.invoke(Unknown Source)
	at java.lang.reflect.Method.invoke(Unknown Source)
	at org.testng.internal.MethodInvocationHelper.invokeMethod(MethodInvocationHelper.java:124)
	at org.testng.internal.Invoker.invokeMethod(Invoker.java:583)
	at org.testng.internal.Invoker.invokeTestMethod(Invoker.java:719)
	at org.testng.internal.Invoker.invokeTestMethods(Invoker.java:989)
	at org.testng.internal.TestMethodWorker.invokeTestMethods(TestMethodWorker.java:125)
	at org.testng.internal.TestMethodWorker.run(TestMethodWorker.java:109)
	at org.testng.TestRunner.privateRun(TestRunner.java:648)
	at org.testng.TestRunner.run(TestRunner.java:505)
	at org.testng.SuiteRunner.runTest(SuiteRunner.java:455)
	at org.testng.SuiteRunner.access$000(SuiteRunner.java:40)
	at org.testng.SuiteRunner$SuiteWorker.run(SuiteRunner.java:489)
	at org.testng.internal.thread.ThreadUtil$1.call(ThreadUtil.java:52)
	at java.util.concurrent.FutureTask.run(Unknown Source)
	at java.util.concurrent.ThreadPoolExecutor.runWorker(Unknown Source)
	at java.util.concurrent.ThreadPoolExecutor$Worker.run(Unknown Source)
	at java.lang.Thread.run(Unknown Source)
</pre></div></td>
<td>44</td>
<td>tests.ErrorHTests@42d80b78</td></tr>
<tr>
<td title='tests.ErrorHTests.numberAsAnswer()'><b>numberAsAnswer</b><br>Test class: tests.ErrorHTests<br/>
<a href="#Output-1808321760" onClick='toggleBox("Output-1808321760", this, "Show output", "Hide output");'>Show output</a>

<a href="#Output-1808321760" onClick="toggleAllBoxes();">Show all outputs</a>
<div class='log' id="Output-1808321760">
number as an answer in setup<br/>
Start game!!<br/>
text expected: Please type here your question<br/>
text expected:  question number: 1<br/>
enter question 1 with A<br/>
Enter first question<br/>
text expected: Please enter 4 possible answers and Mark the right one! <br/>
text expected:  question number: 1<br/>
fill answer as 1<br/>
alert was not present -- Timeout<br/>
</div>
</td>
<td><div><pre>java.lang.AssertionError: Error message didn&apos;t show - no error message when answer is not in characters alone expected [true] but found [false]
	at tests.ErrorHTests.numberAsAnswer(ErrorHTests.java:174)
	at java.util.concurrent.FutureTask.run(Unknown Source)
	at java.util.concurrent.ThreadPoolExecutor.runWorker(Unknown Source)
	at java.util.concurrent.ThreadPoolExecutor$Worker.run(Unknown Source)
	at java.lang.Thread.run(Unknown Source)
... Removed 19 stack frames</pre></div><a href='#' onClick='toggleBox("stack-trace1808321760", this, "Click to show all stack frames", "Click to hide stack frames")'>Click to show all stack frames</a>
<div class='stack-trace' id='stack-trace1808321760'><pre>java.lang.AssertionError: Error message didn&apos;t show - no error message when answer is not in characters alone expected [true] but found [false]
	at org.testng.Assert.fail(Assert.java:96)
	at org.testng.Assert.failNotEquals(Assert.java:776)
	at org.testng.Assert.assertTrue(Assert.java:44)
	at tests.ErrorHTests.numberAsAnswer(ErrorHTests.java:174)
	at sun.reflect.NativeMethodAccessorImpl.invoke0(Native Method)
	at sun.reflect.NativeMethodAccessorImpl.invoke(Unknown Source)
	at sun.reflect.DelegatingMethodAccessorImpl.invoke(Unknown Source)
	at java.lang.reflect.Method.invoke(Unknown Source)
	at org.testng.internal.MethodInvocationHelper.invokeMethod(MethodInvocationHelper.java:124)
	at org.testng.internal.Invoker.invokeMethod(Invoker.java:583)
	at org.testng.internal.Invoker.invokeTestMethod(Invoker.java:719)
	at org.testng.internal.Invoker.invokeTestMethods(Invoker.java:989)
	at org.testng.internal.TestMethodWorker.invokeTestMethods(TestMethodWorker.java:125)
	at org.testng.internal.TestMethodWorker.run(TestMethodWorker.java:109)
	at org.testng.TestRunner.privateRun(TestRunner.java:648)
	at org.testng.TestRunner.run(TestRunner.java:505)
	at org.testng.SuiteRunner.runTest(SuiteRunner.java:455)
	at org.testng.SuiteRunner.access$000(SuiteRunner.java:40)
	at org.testng.SuiteRunner$SuiteWorker.run(SuiteRunner.java:489)
	at org.testng.internal.thread.ThreadUtil$1.call(ThreadUtil.java:52)
	at java.util.concurrent.FutureTask.run(Unknown Source)
	at java.util.concurrent.ThreadPoolExecutor.runWorker(Unknown Source)
	at java.util.concurrent.ThreadPoolExecutor$Worker.run(Unknown Source)
	at java.lang.Thread.run(Unknown Source)
</pre></div></td>
<td>27</td>
<td>tests.ErrorHTests@42d80b78</td></tr>
<tr>
<td title='tests.ErrorHTests.overMaxCharsQ()'><b>overMaxCharsQ</b><br>Test class: tests.ErrorHTests<br/>
<a href="#Output-318622317" onClick='toggleBox("Output-318622317", this, "Show output", "Hide output");'>Show output</a>

<a href="#Output-318622317" onClick="toggleAllBoxes();">Show all outputs</a>
<div class='log' id="Output-318622317">
Over max characters in a question<br/>
Start game!!<br/>
text expected: Please type here your question<br/>
text expected:  question number: 1<br/>
entered question: AAAAAAAAAAAAAAAAAAAAAAAAAAAAAAAAAAAAAAAAAAAAAAAAAAA<br/>
enter question 1 with A<br/>
Enter first question<br/>
</div>
</td>
<td><div><pre>java.lang.AssertionError: Error message didn&apos;t show - no error message when max characters in question is over 50 expected [true] but found [false]
	at tests.ErrorHTests.overMaxCharsQ(ErrorHTests.java:105)
	at java.util.concurrent.FutureTask.run(Unknown Source)
	at java.util.concurrent.ThreadPoolExecutor.runWorker(Unknown Source)
	at java.util.concurrent.ThreadPoolExecutor$Worker.run(Unknown Source)
	at java.lang.Thread.run(Unknown Source)
... Removed 19 stack frames</pre></div><a href='#' onClick='toggleBox("stack-trace318622317", this, "Click to show all stack frames", "Click to hide stack frames")'>Click to show all stack frames</a>
<div class='stack-trace' id='stack-trace318622317'><pre>java.lang.AssertionError: Error message didn&apos;t show - no error message when max characters in question is over 50 expected [true] but found [false]
	at org.testng.Assert.fail(Assert.java:96)
	at org.testng.Assert.failNotEquals(Assert.java:776)
	at org.testng.Assert.assertTrue(Assert.java:44)
	at tests.ErrorHTests.overMaxCharsQ(ErrorHTests.java:105)
	at sun.reflect.NativeMethodAccessorImpl.invoke0(Native Method)
	at sun.reflect.NativeMethodAccessorImpl.invoke(Unknown Source)
	at sun.reflect.DelegatingMethodAccessorImpl.invoke(Unknown Source)
	at java.lang.reflect.Method.invoke(Unknown Source)
	at org.testng.internal.MethodInvocationHelper.invokeMethod(MethodInvocationHelper.java:124)
	at org.testng.internal.Invoker.invokeMethod(Invoker.java:583)
	at org.testng.internal.Invoker.invokeTestMethod(Invoker.java:719)
	at org.testng.internal.Invoker.invokeTestMethods(Invoker.java:989)
	at org.testng.internal.TestMethodWorker.invokeTestMethods(TestMethodWorker.java:125)
	at org.testng.internal.TestMethodWorker.run(TestMethodWorker.java:109)
	at org.testng.TestRunner.privateRun(TestRunner.java:648)
	at org.testng.TestRunner.run(TestRunner.java:505)
	at org.testng.SuiteRunner.runTest(SuiteRunner.java:455)
	at org.testng.SuiteRunner.access$000(SuiteRunner.java:40)
	at org.testng.SuiteRunner$SuiteWorker.run(SuiteRunner.java:489)
	at org.testng.internal.thread.ThreadUtil$1.call(ThreadUtil.java:52)
	at java.util.concurrent.FutureTask.run(Unknown Source)
	at java.util.concurrent.ThreadPoolExecutor.runWorker(Unknown Source)
	at java.util.concurrent.ThreadPoolExecutor$Worker.run(Unknown Source)
	at java.lang.Thread.run(Unknown Source)
</pre></div></td>
<td>8</td>
<td>tests.ErrorHTests@42d80b78</td></tr>
<tr>
<td title='tests.ErrorHTests.randomQ()'><b>randomQ</b><br>Test class: tests.ErrorHTests<br/>
<a href="#Output-1275460436" onClick='toggleBox("Output-1275460436", this, "Show output", "Hide output");'>Show output</a>

<a href="#Output-1275460436" onClick="toggleAllBoxes();">Show all outputs</a>
<div class='log' id="Output-1275460436">
Are the game questions random?<br/>
to be sure we will check 3 times<br/>
Start game!!<br/>
text expected: Please type here your question<br/>
text expected:  question number: 1<br/>
enter question 1 with A<br/>
Enter first question<br/>
New question pushed is: A<br/>
text expected: Please enter 4 possible answers and Mark the right one! <br/>
text expected:  question number: 1<br/>
text expected: Please type here your question<br/>
text expected:  question number: 2<br/>
enter question 2 with B<br/>
Enter first question<br/>
New question pushed is: B<br/>
text expected: Please enter 4 possible answers and Mark the right one! <br/>
text expected:  question number: 2<br/>
text expected: Please type here your question<br/>
text expected:  question number: 3<br/>
enter question 3 with C<br/>
Enter first question<br/>
New question pushed is: C<br/>
text expected: Please enter 4 possible answers and Mark the right one! <br/>
text expected:  question number: 3<br/>
text expected: You finished to build the test - lets play!!<br/>
Stack is => [A, B, C]<br/>
Let us play!!<br/>
text expected: Test<br/>
Current question is: C<br/>
stack is => [A, B]<br/>
stack Q => C<br/>
Q = C and stackCurrQ = C<br/>
Answer checked on line: 1<br/>
Stack is => [A, B]<br/>
Current question is: B<br/>
stack is => [A]<br/>
stack Q => B<br/>
Q = B and stackCurrQ = B<br/>
</div>
</td>
<td><div><pre>org.openqa.selenium.ElementNotInteractableException: Element &lt;input class=&quot;userdata&quot; name=&quot;answertest2&quot; type=&quot;radio&quot;&gt; could not be scrolled into view
Build info: version: &apos;3.141.59&apos;, revision: &apos;e82be7d358&apos;, time: &apos;2018-11-14T08:25:48&apos;
System info: host: &apos;DESKTOP-CFDBD86&apos;, ip: &apos;192.168.0.110&apos;, os.name: &apos;Windows 10&apos;, os.arch: &apos;amd64&apos;, os.version: &apos;10.0&apos;, java.version: &apos;1.8.0_211&apos;
Driver info: org.openqa.selenium.firefox.FirefoxDriver
Capabilities {acceptInsecureCerts: true, browserName: firefox, browserVersion: 68.0, javascriptEnabled: true, moz:accessibilityChecks: false, moz:buildID: 20190705220548, moz:geckodriverVersion: 0.24.0, moz:headless: false, moz:processID: 22424, moz:profile: C:\Users\lital\AppData\Loca..., moz:shutdownTimeout: 60000, moz:useNonSpecCompliantPointerOrigin: false, moz:webdriverClick: true, pageLoadStrategy: normal, platform: WINDOWS, platformName: WINDOWS, platformVersion: 10.0, rotatable: false, setWindowRect: true, strictFileInteractability: false, timeouts: {implicit: 0, pageLoad: 300000, script: 30000}, unhandledPromptBehavior: dismiss and notify}
Session ID: c68669e9-88dd-488f-a7fb-808d2b2109d8
	at org.openqa.selenium.remote.http.W3CHttpResponseCodec.createException(W3CHttpResponseCodec.java:187)
	at org.openqa.selenium.remote.http.W3CHttpResponseCodec.decode(W3CHttpResponseCodec.java:122)
	at org.openqa.selenium.remote.http.W3CHttpResponseCodec.decode(W3CHttpResponseCodec.java:49)
	at org.openqa.selenium.remote.HttpCommandExecutor.execute(HttpCommandExecutor.java:158)
	at org.openqa.selenium.remote.service.DriverCommandExecutor.execute(DriverCommandExecutor.java:83)
	at org.openqa.selenium.remote.RemoteWebDriver.execute(RemoteWebDriver.java:552)
	at org.openqa.selenium.remote.RemoteWebElement.execute(RemoteWebElement.java:285)
	at org.openqa.selenium.remote.RemoteWebElement.click(RemoteWebElement.java:84)
	at Steps.BaseSteps.checkAnswer(BaseSteps.java:136)
	at Steps.GameSteps.checkAnswerPlay(GameSteps.java:120)
	at tests.ErrorHTests.randomQ(ErrorHTests.java:922)
	at java.util.concurrent.FutureTask.run(Unknown Source)
	at java.util.concurrent.ThreadPoolExecutor.runWorker(Unknown Source)
	at java.util.concurrent.ThreadPoolExecutor$Worker.run(Unknown Source)
	at java.lang.Thread.run(Unknown Source)
... Removed 20 stack frames</pre></div><a href='#' onClick='toggleBox("stack-trace1275460436", this, "Click to show all stack frames", "Click to hide stack frames")'>Click to show all stack frames</a>
<div class='stack-trace' id='stack-trace1275460436'><pre>org.openqa.selenium.ElementNotInteractableException: Element &lt;input class=&quot;userdata&quot; name=&quot;answertest2&quot; type=&quot;radio&quot;&gt; could not be scrolled into view
Build info: version: &apos;3.141.59&apos;, revision: &apos;e82be7d358&apos;, time: &apos;2018-11-14T08:25:48&apos;
System info: host: &apos;DESKTOP-CFDBD86&apos;, ip: &apos;192.168.0.110&apos;, os.name: &apos;Windows 10&apos;, os.arch: &apos;amd64&apos;, os.version: &apos;10.0&apos;, java.version: &apos;1.8.0_211&apos;
Driver info: org.openqa.selenium.firefox.FirefoxDriver
Capabilities {acceptInsecureCerts: true, browserName: firefox, browserVersion: 68.0, javascriptEnabled: true, moz:accessibilityChecks: false, moz:buildID: 20190705220548, moz:geckodriverVersion: 0.24.0, moz:headless: false, moz:processID: 22424, moz:profile: C:\Users\lital\AppData\Loca..., moz:shutdownTimeout: 60000, moz:useNonSpecCompliantPointerOrigin: false, moz:webdriverClick: true, pageLoadStrategy: normal, platform: WINDOWS, platformName: WINDOWS, platformVersion: 10.0, rotatable: false, setWindowRect: true, strictFileInteractability: false, timeouts: {implicit: 0, pageLoad: 300000, script: 30000}, unhandledPromptBehavior: dismiss and notify}
Session ID: c68669e9-88dd-488f-a7fb-808d2b2109d8
	at sun.reflect.NativeConstructorAccessorImpl.newInstance0(Native Method)
	at sun.reflect.NativeConstructorAccessorImpl.newInstance(Unknown Source)
	at sun.reflect.DelegatingConstructorAccessorImpl.newInstance(Unknown Source)
	at java.lang.reflect.Constructor.newInstance(Unknown Source)
	at org.openqa.selenium.remote.http.W3CHttpResponseCodec.createException(W3CHttpResponseCodec.java:187)
	at org.openqa.selenium.remote.http.W3CHttpResponseCodec.decode(W3CHttpResponseCodec.java:122)
	at org.openqa.selenium.remote.http.W3CHttpResponseCodec.decode(W3CHttpResponseCodec.java:49)
	at org.openqa.selenium.remote.HttpCommandExecutor.execute(HttpCommandExecutor.java:158)
	at org.openqa.selenium.remote.service.DriverCommandExecutor.execute(DriverCommandExecutor.java:83)
	at org.openqa.selenium.remote.RemoteWebDriver.execute(RemoteWebDriver.java:552)
	at org.openqa.selenium.remote.RemoteWebElement.execute(RemoteWebElement.java:285)
	at org.openqa.selenium.remote.RemoteWebElement.click(RemoteWebElement.java:84)
	at Steps.BaseSteps.checkAnswer(BaseSteps.java:136)
	at Steps.GameSteps.checkAnswerPlay(GameSteps.java:120)
	at tests.ErrorHTests.randomQ(ErrorHTests.java:922)
	at sun.reflect.NativeMethodAccessorImpl.invoke0(Native Method)
	at sun.reflect.NativeMethodAccessorImpl.invoke(Unknown Source)
	at sun.reflect.DelegatingMethodAccessorImpl.invoke(Unknown Source)
	at java.lang.reflect.Method.invoke(Unknown Source)
	at org.testng.internal.MethodInvocationHelper.invokeMethod(MethodInvocationHelper.java:124)
	at org.testng.internal.Invoker.invokeMethod(Invoker.java:583)
	at org.testng.internal.Invoker.invokeTestMethod(Invoker.java:719)
	at org.testng.internal.Invoker.invokeTestMethods(Invoker.java:989)
	at org.testng.internal.TestMethodWorker.invokeTestMethods(TestMethodWorker.java:125)
	at org.testng.internal.TestMethodWorker.run(TestMethodWorker.java:109)
	at org.testng.TestRunner.privateRun(TestRunner.java:648)
	at org.testng.TestRunner.run(TestRunner.java:505)
	at org.testng.SuiteRunner.runTest(SuiteRunner.java:455)
	at org.testng.SuiteRunner.access$000(SuiteRunner.java:40)
	at org.testng.SuiteRunner$SuiteWorker.run(SuiteRunner.java:489)
	at org.testng.internal.thread.ThreadUtil$1.call(ThreadUtil.java:52)
	at java.util.concurrent.FutureTask.run(Unknown Source)
	at java.util.concurrent.ThreadPoolExecutor.runWorker(Unknown Source)
	at java.util.concurrent.ThreadPoolExecutor$Worker.run(Unknown Source)
	at java.lang.Thread.run(Unknown Source)
</pre></div></td>
<td>51</td>
<td>tests.ErrorHTests@42d80b78</td></tr>
<tr>
<td title='tests.ErrorHTests.skipFillingAQuestion()'><b>skipFillingAQuestion</b><br>Test class: tests.ErrorHTests<br/>
<a href="#Output-1411325489" onClick='toggleBox("Output-1411325489", this, "Show output", "Hide output");'>Show output</a>

<a href="#Output-1411325489" onClick="toggleAllBoxes();">Show all outputs</a>
<div class='log' id="Output-1411325489">
Skip filling a question<br/>
Start game!!<br/>
text expected: Please type here your question<br/>
text expected:  question number: 1<br/>
enter question 1 with A<br/>
Enter first question<br/>
text expected: Please enter 4 possible answers and Mark the right one! <br/>
text expected:  question number: 1<br/>
text expected: Please type here your question<br/>
text expected:  question number: 2<br/>
alert was not present -- Timeout<br/>
</div>
</td>
<td><div><pre>java.lang.AssertionError: Error message didn&apos;t show - A question wasn&apos;t inserted expected [true] but found [false]
	at tests.ErrorHTests.skipFillingAQuestion(ErrorHTests.java:319)
	at java.util.concurrent.FutureTask.run(Unknown Source)
	at java.util.concurrent.ThreadPoolExecutor.runWorker(Unknown Source)
	at java.util.concurrent.ThreadPoolExecutor$Worker.run(Unknown Source)
	at java.lang.Thread.run(Unknown Source)
... Removed 19 stack frames</pre></div><a href='#' onClick='toggleBox("stack-trace1411325489", this, "Click to show all stack frames", "Click to hide stack frames")'>Click to show all stack frames</a>
<div class='stack-trace' id='stack-trace1411325489'><pre>java.lang.AssertionError: Error message didn&apos;t show - A question wasn&apos;t inserted expected [true] but found [false]
	at org.testng.Assert.fail(Assert.java:96)
	at org.testng.Assert.failNotEquals(Assert.java:776)
	at org.testng.Assert.assertTrue(Assert.java:44)
	at tests.ErrorHTests.skipFillingAQuestion(ErrorHTests.java:319)
	at sun.reflect.NativeMethodAccessorImpl.invoke0(Native Method)
	at sun.reflect.NativeMethodAccessorImpl.invoke(Unknown Source)
	at sun.reflect.DelegatingMethodAccessorImpl.invoke(Unknown Source)
	at java.lang.reflect.Method.invoke(Unknown Source)
	at org.testng.internal.MethodInvocationHelper.invokeMethod(MethodInvocationHelper.java:124)
	at org.testng.internal.Invoker.invokeMethod(Invoker.java:583)
	at org.testng.internal.Invoker.invokeTestMethod(Invoker.java:719)
	at org.testng.internal.Invoker.invokeTestMethods(Invoker.java:989)
	at org.testng.internal.TestMethodWorker.invokeTestMethods(TestMethodWorker.java:125)
	at org.testng.internal.TestMethodWorker.run(TestMethodWorker.java:109)
	at org.testng.TestRunner.privateRun(TestRunner.java:648)
	at org.testng.TestRunner.run(TestRunner.java:505)
	at org.testng.SuiteRunner.runTest(SuiteRunner.java:455)
	at org.testng.SuiteRunner.access$000(SuiteRunner.java:40)
	at org.testng.SuiteRunner$SuiteWorker.run(SuiteRunner.java:489)
	at org.testng.internal.thread.ThreadUtil$1.call(ThreadUtil.java:52)
	at java.util.concurrent.FutureTask.run(Unknown Source)
	at java.util.concurrent.ThreadPoolExecutor.runWorker(Unknown Source)
	at java.util.concurrent.ThreadPoolExecutor$Worker.run(Unknown Source)
	at java.lang.Thread.run(Unknown Source)
</pre></div></td>
<td>28</td>
<td>tests.ErrorHTests@42d80b78</td></tr>
</table><p>
<table width='100%' border='1' class='invocation-passed'>
<tr><td colspan='4' align='center'><b>PASSED TESTS</b></td></tr>
<tr><td><b>Test method</b></td>
<td width="30%"><b>Exception</b></td>
<td width="10%"><b>Time (seconds)</b></td>
<td><b>Instance</b></td>
</tr>
<tr>
<td title='tests.ErrorHTests.answerNotChecked()'><b>answerNotChecked</b><br>Test class: tests.ErrorHTests<br/>
<a href="#Output-2144224175" onClick='toggleBox("Output-2144224175", this, "Show output", "Hide output");'>Show output</a>

<a href="#Output-2144224175" onClick="toggleAllBoxes();">Show all outputs</a>
<div class='log' id="Output-2144224175">
Answer at setup is not checked<br/>
Start game!!<br/>
text expected: Please type here your question<br/>
text expected:  question number: 1<br/>
enter question 1 with A<br/>
Enter first question<br/>
text expected: Please enter 4 possible answers and Mark the right one! <br/>
text expected:  question number: 1<br/>
alert was present<br/>
</div>
</td>
<td></td>
<td>16</td>
<td>tests.ErrorHTests@42d80b78</td></tr>
<tr>
<td title='tests.ErrorHTests.changeAnswerInSetup()'><b>changeAnswerInSetup</b><br>Test class: tests.ErrorHTests<br/>
<a href="#Output-910029259" onClick='toggleBox("Output-910029259", this, "Show output", "Hide output");'>Show output</a>

<a href="#Output-910029259" onClick="toggleAllBoxes();">Show all outputs</a>
<div class='log' id="Output-910029259">
Change selection of answer in setup stage<br/>
Start game!!<br/>
text expected: Please type here your question<br/>
text expected:  question number: 1<br/>
enter question 1 with A<br/>
Enter first question<br/>
text expected: Please enter 4 possible answers and Mark the right one! <br/>
text expected:  question number: 1<br/>
text expected: Please type here your question<br/>
text expected:  question number: 2<br/>
</div>
</td>
<td></td>
<td>25</td>
<td>tests.ErrorHTests@42d80b78</td></tr>
<tr>
<td title='tests.ErrorHTests.overMzxCharA()'><b>overMzxCharA</b><br>Test class: tests.ErrorHTests<br/>
<a href="#Output-859721259" onClick='toggleBox("Output-859721259", this, "Show output", "Hide output");'>Show output</a>

<a href="#Output-859721259" onClick="toggleAllBoxes();">Show all outputs</a>
<div class='log' id="Output-859721259">
Input more than 30 characters in an answer<br/>
Start game!!<br/>
text expected: Please type here your question<br/>
text expected:  question number: 1<br/>
enter question 1 with A<br/>
Enter first question<br/>
text expected: Please enter 4 possible answers and Mark the right one! <br/>
text expected:  question number: 1<br/>
alert was present<br/>
</div>
</td>
<td></td>
<td>18</td>
<td>tests.ErrorHTests@42d80b78</td></tr>
<tr>
<td title='tests.SanityTest.sanityTest()'><b>sanityTest</b><br>Test class: tests.SanityTest<br/>
<a href="#Output-1698681076" onClick='toggleBox("Output-1698681076", this, "Show output", "Hide output");'>Show output</a>

<a href="#Output-1698681076" onClick="toggleAllBoxes();">Show all outputs</a>
<div class='log' id="Output-1698681076">
Start game!!<br/>
text expected: Please type here your question<br/>
text expected:  question number: 1<br/>
enter question 1 with A<br/>
Enter first question<br/>
text expected: Please enter 4 possible answers and Mark the right one! <br/>
text expected:  question number: 1<br/>
text expected: Please type here your question<br/>
text expected:  question number: 2<br/>
enter question 2 with B<br/>
Enter first question<br/>
text expected: Please enter 4 possible answers and Mark the right one! <br/>
text expected:  question number: 2<br/>
text expected: Please type here your question<br/>
text expected:  question number: 3<br/>
enter question 3 with C<br/>
Enter first question<br/>
text expected: Please enter 4 possible answers and Mark the right one! <br/>
text expected:  question number: 3<br/>
text expected: You finished to build the test - lets play!!<br/>
Let us play!!<br/>
text expected: Test<br/>
Answer checked on line: 1<br/>
text expected: Test<br/>
Answer checked on line: 1<br/>
text expected: Test<br/>
Answer checked on line: 1<br/>
text expected: Try again<br/>
Sanity test finished!!<br/>
</div>
</td>
<td></td>
<td>62</td>
<td>tests.SanityTest@1e88b3c</td></tr>
</table><p>
</body>
</html>