<?xml version="1.0" encoding="UTF-8"?>
<!-- Generated by org.testng.reporters.JUnitXMLReporter -->
<testsuite hostname="DESKTOP-CFDBD86" ignored="9" name="FirefoxTest" tests="11" failures="7" timestamp="25 Aug 2019 15:26:34 GMT" time="426.969" errors="0">
  <testcase name="sanityTest" time="62.879" classname="tests.SanityTest"/>
  <testcase name="QinAnotherLang" time="21.317" classname="tests.ErrorHTests">
    <failure type="org.openqa.selenium.WebDriverException" message="Reached error page: about:neterror?e=netTimeout&amp;amp;u=https%3A//svcollegetest.000webhostapp.com/&amp;amp;c=UTF-8&amp;amp;f=regular&amp;amp;d=The%20server%20at%20svcollegetest.000webhostapp.com%20is%20taking%20too%20long%20to%20respond.
Build info: version: &amp;apos;3.141.59&amp;apos;, revision: &amp;apos;e82be7d358&amp;apos;, time: &amp;apos;2018-11-14T08:25:48&amp;apos;
System info: host: &amp;apos;DESKTOP-CFDBD86&amp;apos;, ip: &amp;apos;192.168.0.110&amp;apos;, os.name: &amp;apos;Windows 10&amp;apos;, os.arch: &amp;apos;amd64&amp;apos;, os.version: &amp;apos;10.0&amp;apos;, java.version: &amp;apos;1.8.0_211&amp;apos;
Driver info: org.openqa.selenium.firefox.FirefoxDriver
Capabilities {acceptInsecureCerts: true, browserName: firefox, browserVersion: 68.0, javascriptEnabled: true, moz:accessibilityChecks: false, moz:buildID: 20190705220548, moz:geckodriverVersion: 0.24.0, moz:headless: false, moz:processID: 16792, moz:profile: C:\Users\lital\AppData\Loca..., moz:shutdownTimeout: 60000, moz:useNonSpecCompliantPointerOrigin: false, moz:webdriverClick: true, pageLoadStrategy: normal, platform: WINDOWS, platformName: WINDOWS, platformVersion: 10.0, rotatable: false, setWindowRect: true, strictFileInteractability: false, timeouts: {implicit: 0, pageLoad: 300000, script: 30000}, unhandledPromptBehavior: dismiss and notify}
Session ID: 93a3125e-235d-4bfe-8694-b3a02d5545bc">
      <![CDATA[org.openqa.selenium.WebDriverException: Reached error page: about:neterror?e=netTimeout&u=https%3A//svcollegetest.000webhostapp.com/&c=UTF-8&f=regular&d=The%20server%20at%20svcollegetest.000webhostapp.com%20is%20taking%20too%20long%20to%20respond.
Build info: version: '3.141.59', revision: 'e82be7d358', time: '2018-11-14T08:25:48'
System info: host: 'DESKTOP-CFDBD86', ip: '192.168.0.110', os.name: 'Windows 10', os.arch: 'amd64', os.version: '10.0', java.version: '1.8.0_211'
Driver info: org.openqa.selenium.firefox.FirefoxDriver
Capabilities {acceptInsecureCerts: true, browserName: firefox, browserVersion: 68.0, javascriptEnabled: true, moz:accessibilityChecks: false, moz:buildID: 20190705220548, moz:geckodriverVersion: 0.24.0, moz:headless: false, moz:processID: 16792, moz:profile: C:\Users\lital\AppData\Loca..., moz:shutdownTimeout: 60000, moz:useNonSpecCompliantPointerOrigin: false, moz:webdriverClick: true, pageLoadStrategy: normal, platform: WINDOWS, platformName: WINDOWS, platformVersion: 10.0, rotatable: false, setWindowRect: true, strictFileInteractability: false, timeouts: {implicit: 0, pageLoad: 300000, script: 30000}, unhandledPromptBehavior: dismiss and notify}
Session ID: 93a3125e-235d-4bfe-8694-b3a02d5545bc
at org.openqa.selenium.remote.http.W3CHttpResponseCodec.createException(W3CHttpResponseCodec.java:187)
at org.openqa.selenium.remote.http.W3CHttpResponseCodec.decode(W3CHttpResponseCodec.java:122)
at org.openqa.selenium.remote.http.W3CHttpResponseCodec.decode(W3CHttpResponseCodec.java:49)
at org.openqa.selenium.remote.HttpCommandExecutor.execute(HttpCommandExecutor.java:158)
at org.openqa.selenium.remote.service.DriverCommandExecutor.execute(DriverCommandExecutor.java:83)
at org.openqa.selenium.remote.RemoteWebDriver.execute(RemoteWebDriver.java:552)
at org.openqa.selenium.remote.RemoteWebDriver.get(RemoteWebDriver.java:277)
at Steps.BaseSteps.OpenPage(BaseSteps.java:26)
at Steps.GameSteps.openPage(GameSteps.java:45)
at tests.ErrorHTests.QinAnotherLang(ErrorHTests.java:331)
at java.util.concurrent.FutureTask.run(Unknown Source)
at java.util.concurrent.ThreadPoolExecutor.runWorker(Unknown Source)
at java.util.concurrent.ThreadPoolExecutor$Worker.run(Unknown Source)
at java.lang.Thread.run(Unknown Source)
... Removed 20 stack frames]]>
    </failure>
  </testcase> <!-- QinAnotherLang -->
  <testcase name="answerNotChecked" time="16.024" classname="tests.ErrorHTests"/>
  <testcase name="answersAfterLastQBack" time="43.889" classname="tests.ErrorHTests">
    <failure type="java.lang.AssertionError" message="The following asserts failed:
	This is not question 2 screen expected [true] but found [false]">
      <![CDATA[java.lang.AssertionError: The following asserts failed:
This is not question 2 screen expected [true] but found [false]
at tests.ErrorHTests.answersAfterLastQBack(ErrorHTests.java:742)
at java.util.concurrent.FutureTask.run(Unknown Source)
at java.util.concurrent.ThreadPoolExecutor.runWorker(Unknown Source)
at java.util.concurrent.ThreadPoolExecutor$Worker.run(Unknown Source)
at java.lang.Thread.run(Unknown Source)
... Removed 17 stack frames]]>
    </failure>
  </testcase> <!-- answersAfterLastQBack -->
  <testcase name="changeAnswerInSetup" time="25.806" classname="tests.ErrorHTests"/>
  <testcase name="lastQback42Q" time="44.752" classname="tests.ErrorHTests">
    <failure type="java.lang.AssertionError" message="The following asserts failed:
	This is not question 2 screen expected [true] but found [false],
	This is not question 2 screen expected [true] but found [false]">
      <![CDATA[java.lang.AssertionError: The following asserts failed:
This is not question 2 screen expected [true] but found [false],
This is not question 2 screen expected [true] but found [false]
at tests.ErrorHTests.lastQback42Q(ErrorHTests.java:577)
at java.util.concurrent.FutureTask.run(Unknown Source)
at java.util.concurrent.ThreadPoolExecutor.runWorker(Unknown Source)
at java.util.concurrent.ThreadPoolExecutor$Worker.run(Unknown Source)
at java.lang.Thread.run(Unknown Source)
... Removed 17 stack frames]]>
    </failure>
  </testcase> <!-- lastQback42Q -->
  <testcase name="numberAsAnswer" time="27.322" classname="tests.ErrorHTests">
    <failure type="java.lang.AssertionError" message="Error message didn&amp;apos;t show - no error message when answer is not in characters alone expected [true] but found [false]">
      <![CDATA[java.lang.AssertionError: Error message didn't show - no error message when answer is not in characters alone expected [true] but found [false]
at tests.ErrorHTests.numberAsAnswer(ErrorHTests.java:174)
at java.util.concurrent.FutureTask.run(Unknown Source)
at java.util.concurrent.ThreadPoolExecutor.runWorker(Unknown Source)
at java.util.concurrent.ThreadPoolExecutor$Worker.run(Unknown Source)
at java.lang.Thread.run(Unknown Source)
... Removed 19 stack frames]]>
    </failure>
  </testcase> <!-- numberAsAnswer -->
  <testcase name="overMaxCharsQ" time="8.138" classname="tests.ErrorHTests">
    <failure type="java.lang.AssertionError" message="Error message didn&amp;apos;t show - no error message when max characters in question is over 50 expected [true] but found [false]">
      <![CDATA[java.lang.AssertionError: Error message didn't show - no error message when max characters in question is over 50 expected [true] but found [false]
at tests.ErrorHTests.overMaxCharsQ(ErrorHTests.java:105)
at java.util.concurrent.FutureTask.run(Unknown Source)
at java.util.concurrent.ThreadPoolExecutor.runWorker(Unknown Source)
at java.util.concurrent.ThreadPoolExecutor$Worker.run(Unknown Source)
at java.lang.Thread.run(Unknown Source)
... Removed 19 stack frames]]>
    </failure>
  </testcase> <!-- overMaxCharsQ -->
  <testcase name="overMzxCharA" time="18.486" classname="tests.ErrorHTests"/>
  <testcase name="randomQ" time="51.441" classname="tests.ErrorHTests">
    <failure type="org.openqa.selenium.ElementNotInteractableException" message="Element &amp;lt;input class=&amp;quot;userdata&amp;quot; name=&amp;quot;answertest2&amp;quot; type=&amp;quot;radio&amp;quot;&amp;gt; could not be scrolled into view
Build info: version: &amp;apos;3.141.59&amp;apos;, revision: &amp;apos;e82be7d358&amp;apos;, time: &amp;apos;2018-11-14T08:25:48&amp;apos;
System info: host: &amp;apos;DESKTOP-CFDBD86&amp;apos;, ip: &amp;apos;192.168.0.110&amp;apos;, os.name: &amp;apos;Windows 10&amp;apos;, os.arch: &amp;apos;amd64&amp;apos;, os.version: &amp;apos;10.0&amp;apos;, java.version: &amp;apos;1.8.0_211&amp;apos;
Driver info: org.openqa.selenium.firefox.FirefoxDriver
Capabilities {acceptInsecureCerts: true, browserName: firefox, browserVersion: 68.0, javascriptEnabled: true, moz:accessibilityChecks: false, moz:buildID: 20190705220548, moz:geckodriverVersion: 0.24.0, moz:headless: false, moz:processID: 22424, moz:profile: C:\Users\lital\AppData\Loca..., moz:shutdownTimeout: 60000, moz:useNonSpecCompliantPointerOrigin: false, moz:webdriverClick: true, pageLoadStrategy: normal, platform: WINDOWS, platformName: WINDOWS, platformVersion: 10.0, rotatable: false, setWindowRect: true, strictFileInteractability: false, timeouts: {implicit: 0, pageLoad: 300000, script: 30000}, unhandledPromptBehavior: dismiss and notify}
Session ID: c68669e9-88dd-488f-a7fb-808d2b2109d8">
      <![CDATA[org.openqa.selenium.ElementNotInteractableException: Element <input class="userdata" name="answertest2" type="radio"> could not be scrolled into view
Build info: version: '3.141.59', revision: 'e82be7d358', time: '2018-11-14T08:25:48'
System info: host: 'DESKTOP-CFDBD86', ip: '192.168.0.110', os.name: 'Windows 10', os.arch: 'amd64', os.version: '10.0', java.version: '1.8.0_211'
Driver info: org.openqa.selenium.firefox.FirefoxDriver
Capabilities {acceptInsecureCerts: true, browserName: firefox, browserVersion: 68.0, javascriptEnabled: true, moz:accessibilityChecks: false, moz:buildID: 20190705220548, moz:geckodriverVersion: 0.24.0, moz:headless: false, moz:processID: 22424, moz:profile: C:\Users\lital\AppData\Loca..., moz:shutdownTimeout: 60000, moz:useNonSpecCompliantPointerOrigin: false, moz:webdriverClick: true, pageLoadStrategy: normal, platform: WINDOWS, platformName: WINDOWS, platformVersion: 10.0, rotatable: false, setWindowRect: true, strictFileInteractability: false, timeouts: {implicit: 0, pageLoad: 300000, script: 30000}, unhandledPromptBehavior: dismiss and notify}
Session ID: c68669e9-88dd-488f-a7fb-808d2b2109d8
at org.openqa.selenium.remote.http.W3CHttpResponseCodec.createException(W3CHttpResponseCodec.java:187)
at org.openqa.selenium.remote.http.W3CHttpResponseCodec.decode(W3CHttpResponseCodec.java:122)
at org.openqa.selenium.remote.http.W3CHttpResponseCodec.decode(W3CHttpResponseCodec.java:49)
at org.openqa.selenium.remote.HttpCommandExecutor.execute(HttpCommandExecutor.java:158)
at org.openqa.selenium.remote.service.DriverCommandExecutor.execute(DriverCommandExecutor.java:83)
at org.openqa.selenium.remote.RemoteWebDriver.execute(RemoteWebDriver.java:552)
at org.openqa.selenium.remote.RemoteWebElement.execute(RemoteWebElement.java:285)
at org.openqa.selenium.remote.RemoteWebElement.click(RemoteWebElement.java:84)
at Steps.BaseSteps.checkAnswer(BaseSteps.java:136)
at Steps.GameSteps.checkAnswerPlay(GameSteps.java:120)
at tests.ErrorHTests.randomQ(ErrorHTests.java:922)
at java.util.concurrent.FutureTask.run(Unknown Source)
at java.util.concurrent.ThreadPoolExecutor.runWorker(Unknown Source)
at java.util.concurrent.ThreadPoolExecutor$Worker.run(Unknown Source)
at java.lang.Thread.run(Unknown Source)
... Removed 20 stack frames]]>
    </failure>
  </testcase> <!-- randomQ -->
  <testcase name="skipFillingAQuestion" time="28.014" classname="tests.ErrorHTests">
    <failure type="java.lang.AssertionError" message="Error message didn&amp;apos;t show - A question wasn&amp;apos;t inserted expected [true] but found [false]">
      <![CDATA[java.lang.AssertionError: Error message didn't show - A question wasn't inserted expected [true] but found [false]
at tests.ErrorHTests.skipFillingAQuestion(ErrorHTests.java:319)
at java.util.concurrent.FutureTask.run(Unknown Source)
at java.util.concurrent.ThreadPoolExecutor.runWorker(Unknown Source)
at java.util.concurrent.ThreadPoolExecutor$Worker.run(Unknown Source)
at java.lang.Thread.run(Unknown Source)
... Removed 19 stack frames]]>
    </failure>
  </testcase> <!-- skipFillingAQuestion -->
  <testcase name="selectAnswer24EachQ" time="0.0" classname="tests.FuncTests">
    <ignored/>
  </testcase> <!-- selectAnswer24EachQ -->
  <testcase name="selectAnswer44EachQ" time="0.0" classname="tests.FuncTests">
    <ignored/>
  </testcase> <!-- selectAnswer44EachQ -->
  <testcase name="quitAfterSetup" time="0.0" classname="tests.FuncTests">
    <ignored/>
  </testcase> <!-- quitAfterSetup -->
  <testcase name="addQmarkAutomaticlly" time="0.0" classname="tests.FuncTests">
    <ignored/>
  </testcase> <!-- addQmarkAutomaticlly -->
  <testcase name="tryAgain" time="0.0" classname="tests.FuncTests">
    <ignored/>
  </testcase> <!-- tryAgain -->
  <testcase name="selectAnswerVar4EachQ" time="0.0" classname="tests.FuncTests">
    <ignored/>
  </testcase> <!-- selectAnswerVar4EachQ -->
  <testcase name="selectAnswer34EachQ" time="0.0" classname="tests.FuncTests">
    <ignored/>
  </testcase> <!-- selectAnswer34EachQ -->
  <testcase name="back2PrevQ" time="0.0" classname="tests.FuncTests">
    <ignored/>
  </testcase> <!-- back2PrevQ -->
  <testcase name="quitGame" time="0.0" classname="tests.FuncTests">
    <ignored/>
  </testcase> <!-- quitGame -->
</testsuite> <!-- FirefoxTest -->
