<!DOCTYPE html PUBLIC "-//W3C//DTD XHTML 1.1//EN" "http://www.w3.org/TR/xhtml11/DTD/xhtml11.dtd">
<html xmlns="http://www.w3.org/1999/xhtml">
<head>
<meta http-equiv="content-type" content="text/html; charset=UTF-8"/>
<title>TestNG Report</title>
<style type="text/css">table {margin-bottom:10px;border-collapse:collapse;empty-cells:show}th,td {border:1px solid #009;padding:.25em .5em}th {vertical-align:bottom}td {vertical-align:top}table a {font-weight:bold}.stripe td {background-color: #E6EBF9}.num {text-align:right}.passedodd td {background-color: #3F3}.passedeven td {background-color: #0A0}.skippedodd td {background-color: #DDD}.skippedeven td {background-color: #CCC}.failedodd td,.attn {background-color: #F33}.failedeven td,.stripe .attn {background-color: #D00}.stacktrace {white-space:pre;font-family:monospace}.totop {font-size:85%;text-align:center;border-bottom:2px solid #000}.invisible {display:none}</style>
</head>
<body>
<table>
<tr><th>Test</th><th># Passed</th><th># Skipped</th><th># Failed</th><th>Time (ms)</th><th>Included Groups</th><th>Excluded Groups</th></tr>
<tr><th colspan="7">Suite</th></tr>
<tr><td><a href="#t0">CromeTest</a></td><td class="num">3</td><td class="num">0</td><td class="num attn">3</td><td class="num">179,077</td><td>error-handling, eh, sanity</td><td></td></tr>
<tr class="stripe"><td><a href="#t1">FirefoxTest</a></td><td class="num">3</td><td class="num">0</td><td class="num attn">3</td><td class="num">206,552</td><td>error-handling, eh, sanity</td><td></td></tr>
<tr><th>Total</th><th class="num">6</th><th class="num">0</th><th class="num attn">6</th><th class="num">385,629</th><th colspan="2"></th></tr>
</table>
<table id='summary'><thead><tr><th>Class</th><th>Method</th><th>Start</th><th>Time (ms)</th></tr></thead><tbody><tr><th colspan="4">Suite</th></tr></tbody><tbody id="t0"><tr><th colspan="4">CromeTest &#8212; failed</th></tr><tr class="failedeven"><td rowspan="3">tests.ErrorHTests</td><td><a href="#m0">numberAsAnswer</a></td><td rowspan="1">1566312190262</td><td rowspan="1">22460</td></tr><tr class="failedeven"><td><a href="#m1">overMaxCharsQ</a></td><td rowspan="1">1566312217508</td><td rowspan="1">7645</td></tr><tr class="failedeven"><td><a href="#m2">skipFillingAQuestion</a></td><td rowspan="1">1566312229983</td><td rowspan="1">23602</td></tr><tr><th colspan="4">CromeTest &#8212; passed</th></tr><tr class="passedeven"><td rowspan="2">tests.ErrorHTests</td><td><a href="#m3">answerNotChecked</a></td><td rowspan="1">1566312142645</td><td rowspan="1">14247</td></tr><tr class="passedeven"><td><a href="#m4">changeAnswerInSetup</a></td><td rowspan="1">1566312161701</td><td rowspan="1">23724</td></tr><tr class="passedodd"><td rowspan="1">tests.SanityTest</td><td><a href="#m5">sanityTest</a></td><td rowspan="1">1566312080417</td><td rowspan="1">57399</td></tr></tbody>
<tbody id="t1"><tr><th colspan="4">FirefoxTest &#8212; failed</th></tr><tr class="failedeven"><td rowspan="3">tests.ErrorHTests</td><td><a href="#m6">numberAsAnswer</a></td><td rowspan="1">1566312208841</td><td rowspan="1">23850</td></tr><tr class="failedeven"><td><a href="#m7">overMaxCharsQ</a></td><td rowspan="1">1566312239811</td><td rowspan="1">8192</td></tr><tr class="failedeven"><td><a href="#m8">skipFillingAQuestion</a></td><td rowspan="1">1566312255001</td><td rowspan="1">25585</td></tr><tr><th colspan="4">FirefoxTest &#8212; passed</th></tr><tr class="passedeven"><td rowspan="2">tests.ErrorHTests</td><td><a href="#m9">answerNotChecked</a></td><td rowspan="1">1566312152437</td><td rowspan="1">16659</td></tr><tr class="passedeven"><td><a href="#m10">changeAnswerInSetup</a></td><td rowspan="1">1566312176202</td><td rowspan="1">25658</td></tr><tr class="passedodd"><td rowspan="1">tests.SanityTest</td><td><a href="#m11">sanityTest</a></td><td rowspan="1">1566312082547</td><td rowspan="1">62945</td></tr></tbody>
</table>
<h2>CromeTest</h2><h3 id="m0">tests.ErrorHTests#numberAsAnswer</h3><table class="result"><tr><th>Messages</th></tr><tr><td><div class="messages">number as an answer in setup<br/>Start game!!<br/>text expected: Please type here your question<br/>text expected:  question number: 1<br/>enter question 1 with A<br/>Enter first question<br/>text expected: Please enter 4 possible answers and Mark the right one! <br/>text expected:  question number: 1<br/>fill answer as 1</div></td></tr><tr><th>Exception</th></tr><tr><td><div class="stacktrace">org.openqa.selenium.TimeoutException: Expected condition failed: waiting for alert to be present (tried for 5 second(s) with 500 milliseconds interval)
Build info: version: &apos;3.141.59&apos;, revision: &apos;e82be7d358&apos;, time: &apos;2018-11-14T08:25:48&apos;
System info: host: &apos;DESKTOP-CFDBD86&apos;, ip: &apos;192.168.0.110&apos;, os.name: &apos;Windows 10&apos;, os.arch: &apos;amd64&apos;, os.version: &apos;10.0&apos;, java.version: &apos;1.8.0_211&apos;
Driver info: org.openqa.selenium.chrome.ChromeDriver
Capabilities {acceptInsecureCerts: false, browserName: chrome, browserVersion: 76.0.3809.100, chrome: {chromedriverVersion: 75.0.3770.90 (a6dcaf7e3ec6f..., userDataDir: C:\Users\lital\AppData\Loca...}, goog:chromeOptions: {debuggerAddress: localhost:54603}, javascriptEnabled: true, networkConnectionEnabled: false, pageLoadStrategy: normal, platform: XP, platformName: XP, proxy: Proxy(), setWindowRect: true, strictFileInteractability: false, timeouts: {implicit: 0, pageLoad: 300000, script: 30000}, unhandledPromptBehavior: dismiss and notify}
Session ID: 1e99efcc84a008efbd40967a7df6b23f
	at org.openqa.selenium.support.ui.WebDriverWait.timeoutException(WebDriverWait.java:95)
	at org.openqa.selenium.support.ui.FluentWait.until(FluentWait.java:272)
	at Steps.BaseSteps.alertShow(BaseSteps.java:165)
	at Steps.GameSteps.isAlert(GameSteps.java:162)
	at tests.ErrorHTests.numberAsAnswer(ErrorHTests.java:172)
	at java.util.concurrent.FutureTask.run(Unknown Source)
	at java.util.concurrent.ThreadPoolExecutor.runWorker(Unknown Source)
	at java.util.concurrent.ThreadPoolExecutor$Worker.run(Unknown Source)
	at java.lang.Thread.run(Unknown Source)
... Removed 16 stack frames</div></td></tr></table><p class="totop"><a href="#summary">back to summary</a></p>
<h3 id="m1">tests.ErrorHTests#overMaxCharsQ</h3><table class="result"><tr><th>Messages</th></tr><tr><td><div class="messages">Over max characters in a question<br/>Start game!!<br/>text expected: Please type here your question<br/>text expected:  question number: 1<br/>entered question: AAAAAAAAAAAAAAAAAAAAAAAAAAAAAAAAAAAAAAAAAAAAAAAAAAA<br/>enter question 1 with A<br/>Enter first question</div></td></tr><tr><th>Exception</th></tr><tr><td><div class="stacktrace">java.lang.AssertionError: Error message didn&apos;t show - no error message when max characters in question is over 50 expected [true] but found [false]
	at tests.ErrorHTests.overMaxCharsQ(ErrorHTests.java:104)
	at java.util.concurrent.FutureTask.run(Unknown Source)
	at java.util.concurrent.ThreadPoolExecutor.runWorker(Unknown Source)
	at java.util.concurrent.ThreadPoolExecutor$Worker.run(Unknown Source)
	at java.lang.Thread.run(Unknown Source)
... Removed 19 stack frames</div></td></tr></table><p class="totop"><a href="#summary">back to summary</a></p>
<h3 id="m2">tests.ErrorHTests#skipFillingAQuestion</h3><table class="result"><tr><th>Messages</th></tr><tr><td><div class="messages">Skip filling a question<br/>Start game!!<br/>text expected: Please type here your question<br/>text expected:  question number: 1<br/>enter question 1 with A<br/>Enter first question<br/>text expected: Please enter 4 possible answers and Mark the right one! <br/>text expected:  question number: 1<br/>text expected: Please type here your question<br/>text expected:  question number: 2</div></td></tr><tr><th>Exception</th></tr><tr><td><div class="stacktrace">org.openqa.selenium.TimeoutException: Expected condition failed: waiting for alert to be present (tried for 5 second(s) with 500 milliseconds interval)
Build info: version: &apos;3.141.59&apos;, revision: &apos;e82be7d358&apos;, time: &apos;2018-11-14T08:25:48&apos;
System info: host: &apos;DESKTOP-CFDBD86&apos;, ip: &apos;192.168.0.110&apos;, os.name: &apos;Windows 10&apos;, os.arch: &apos;amd64&apos;, os.version: &apos;10.0&apos;, java.version: &apos;1.8.0_211&apos;
Driver info: org.openqa.selenium.chrome.ChromeDriver
Capabilities {acceptInsecureCerts: false, browserName: chrome, browserVersion: 76.0.3809.100, chrome: {chromedriverVersion: 75.0.3770.90 (a6dcaf7e3ec6f..., userDataDir: C:\Users\lital\AppData\Loca...}, goog:chromeOptions: {debuggerAddress: localhost:54806}, javascriptEnabled: true, networkConnectionEnabled: false, pageLoadStrategy: normal, platform: XP, platformName: XP, proxy: Proxy(), setWindowRect: true, strictFileInteractability: false, timeouts: {implicit: 0, pageLoad: 300000, script: 30000}, unhandledPromptBehavior: dismiss and notify}
Session ID: 246593159d647c9a7d90f5a2eb07b309
	at org.openqa.selenium.support.ui.WebDriverWait.timeoutException(WebDriverWait.java:95)
	at org.openqa.selenium.support.ui.FluentWait.until(FluentWait.java:272)
	at Steps.BaseSteps.alertShow(BaseSteps.java:165)
	at Steps.GameSteps.isAlert(GameSteps.java:162)
	at tests.ErrorHTests.skipFillingAQuestion(ErrorHTests.java:317)
	at java.util.concurrent.FutureTask.run(Unknown Source)
	at java.util.concurrent.ThreadPoolExecutor.runWorker(Unknown Source)
	at java.util.concurrent.ThreadPoolExecutor$Worker.run(Unknown Source)
	at java.lang.Thread.run(Unknown Source)
... Removed 16 stack frames</div></td></tr></table><p class="totop"><a href="#summary">back to summary</a></p>
<h3 id="m3">tests.ErrorHTests#answerNotChecked</h3><table class="result"><tr><th>Messages</th></tr><tr><td><div class="messages">Answer at setup is not checked<br/>Start game!!<br/>text expected: Please type here your question<br/>text expected:  question number: 1<br/>enter question 1 with A<br/>Enter first question<br/>text expected: Please enter 4 possible answers and Mark the right one! <br/>text expected:  question number: 1<br/>alert was present</div></td></tr></table><p class="totop"><a href="#summary">back to summary</a></p>
<h3 id="m4">tests.ErrorHTests#changeAnswerInSetup</h3><table class="result"><tr><th>Messages</th></tr><tr><td><div class="messages">Change selection of answer in setup stage<br/>Start game!!<br/>text expected: Please type here your question<br/>text expected:  question number: 1<br/>enter question 1 with A<br/>Enter first question<br/>text expected: Please enter 4 possible answers and Mark the right one! <br/>text expected:  question number: 1<br/>text expected: Please type here your question<br/>text expected:  question number: 2</div></td></tr></table><p class="totop"><a href="#summary">back to summary</a></p>
<h3 id="m5">tests.SanityTest#sanityTest</h3><table class="result"><tr><th>Messages</th></tr><tr><td><div class="messages">Start game!!<br/>text expected: Please type here your question<br/>text expected:  question number: 1<br/>enter question 1 with A<br/>Enter first question<br/>text expected: Please enter 4 possible answers and Mark the right one! <br/>text expected:  question number: 1<br/>text expected: Please type here your question<br/>text expected:  question number: 2<br/>enter question 2 with B<br/>Enter first question<br/>text expected: Please enter 4 possible answers and Mark the right one! <br/>text expected:  question number: 2<br/>text expected: Please type here your question<br/>text expected:  question number: 3<br/>enter question 3 with C<br/>Enter first question<br/>text expected: Please enter 4 possible answers and Mark the right one! <br/>text expected:  question number: 3<br/>text expected: You finished to build the test - lets play!!<br/>Let us play!!<br/>text expected: Test<br/>Answer checked on line: 1<br/>text expected: Test<br/>Answer checked on line: 1<br/>text expected: Test<br/>Answer checked on line: 1<br/>text expected: Try again<br/>Sanity test finished!!</div></td></tr></table><p class="totop"><a href="#summary">back to summary</a></p>
<h2>FirefoxTest</h2><h3 id="m6">tests.ErrorHTests#numberAsAnswer</h3><table class="result"><tr><th>Messages</th></tr><tr><td><div class="messages">number as an answer in setup<br/>Start game!!<br/>text expected: Please type here your question<br/>text expected:  question number: 1<br/>enter question 1 with A<br/>Enter first question<br/>text expected: Please enter 4 possible answers and Mark the right one! <br/>text expected:  question number: 1<br/>fill answer as 1</div></td></tr><tr><th>Exception</th></tr><tr><td><div class="stacktrace">org.openqa.selenium.TimeoutException: Expected condition failed: waiting for alert to be present (tried for 5 second(s) with 500 milliseconds interval)
Build info: version: &apos;3.141.59&apos;, revision: &apos;e82be7d358&apos;, time: &apos;2018-11-14T08:25:48&apos;
System info: host: &apos;DESKTOP-CFDBD86&apos;, ip: &apos;192.168.0.110&apos;, os.name: &apos;Windows 10&apos;, os.arch: &apos;amd64&apos;, os.version: &apos;10.0&apos;, java.version: &apos;1.8.0_211&apos;
Driver info: org.openqa.selenium.firefox.FirefoxDriver
Capabilities {acceptInsecureCerts: true, browserName: firefox, browserVersion: 68.0, javascriptEnabled: true, moz:accessibilityChecks: false, moz:buildID: 20190705220548, moz:geckodriverVersion: 0.24.0, moz:headless: false, moz:processID: 16028, moz:profile: C:\Users\lital\AppData\Loca..., moz:shutdownTimeout: 60000, moz:useNonSpecCompliantPointerOrigin: false, moz:webdriverClick: true, pageLoadStrategy: normal, platform: WINDOWS, platformName: WINDOWS, platformVersion: 10.0, rotatable: false, setWindowRect: true, strictFileInteractability: false, timeouts: {implicit: 0, pageLoad: 300000, script: 30000}, unhandledPromptBehavior: dismiss and notify}
Session ID: 3fa6297a-f5f9-4aec-872d-d42c19703961
	at org.openqa.selenium.support.ui.WebDriverWait.timeoutException(WebDriverWait.java:95)
	at org.openqa.selenium.support.ui.FluentWait.until(FluentWait.java:272)
	at Steps.BaseSteps.alertShow(BaseSteps.java:165)
	at Steps.GameSteps.isAlert(GameSteps.java:162)
	at tests.ErrorHTests.numberAsAnswer(ErrorHTests.java:172)
	at java.util.concurrent.FutureTask.run(Unknown Source)
	at java.util.concurrent.ThreadPoolExecutor.runWorker(Unknown Source)
	at java.util.concurrent.ThreadPoolExecutor$Worker.run(Unknown Source)
	at java.lang.Thread.run(Unknown Source)
... Removed 16 stack frames</div></td></tr></table><p class="totop"><a href="#summary">back to summary</a></p>
<h3 id="m7">tests.ErrorHTests#overMaxCharsQ</h3><table class="result"><tr><th>Messages</th></tr><tr><td><div class="messages">Over max characters in a question<br/>Start game!!<br/>text expected: Please type here your question<br/>text expected:  question number: 1<br/>entered question: AAAAAAAAAAAAAAAAAAAAAAAAAAAAAAAAAAAAAAAAAAAAAAAAAAA<br/>enter question 1 with A<br/>Enter first question</div></td></tr><tr><th>Exception</th></tr><tr><td><div class="stacktrace">java.lang.AssertionError: Error message didn&apos;t show - no error message when max characters in question is over 50 expected [true] but found [false]
	at tests.ErrorHTests.overMaxCharsQ(ErrorHTests.java:104)
	at java.util.concurrent.FutureTask.run(Unknown Source)
	at java.util.concurrent.ThreadPoolExecutor.runWorker(Unknown Source)
	at java.util.concurrent.ThreadPoolExecutor$Worker.run(Unknown Source)
	at java.lang.Thread.run(Unknown Source)
... Removed 19 stack frames</div></td></tr></table><p class="totop"><a href="#summary">back to summary</a></p>
<h3 id="m8">tests.ErrorHTests#skipFillingAQuestion</h3><table class="result"><tr><th>Messages</th></tr><tr><td><div class="messages">Skip filling a question<br/>Start game!!<br/>text expected: Please type here your question<br/>text expected:  question number: 1<br/>enter question 1 with A<br/>Enter first question<br/>text expected: Please enter 4 possible answers and Mark the right one! <br/>text expected:  question number: 1<br/>text expected: Please type here your question<br/>text expected:  question number: 2</div></td></tr><tr><th>Exception</th></tr><tr><td><div class="stacktrace">org.openqa.selenium.TimeoutException: Expected condition failed: waiting for alert to be present (tried for 5 second(s) with 500 milliseconds interval)
Build info: version: &apos;3.141.59&apos;, revision: &apos;e82be7d358&apos;, time: &apos;2018-11-14T08:25:48&apos;
System info: host: &apos;DESKTOP-CFDBD86&apos;, ip: &apos;192.168.0.110&apos;, os.name: &apos;Windows 10&apos;, os.arch: &apos;amd64&apos;, os.version: &apos;10.0&apos;, java.version: &apos;1.8.0_211&apos;
Driver info: org.openqa.selenium.firefox.FirefoxDriver
Capabilities {acceptInsecureCerts: true, browserName: firefox, browserVersion: 68.0, javascriptEnabled: true, moz:accessibilityChecks: false, moz:buildID: 20190705220548, moz:geckodriverVersion: 0.24.0, moz:headless: false, moz:processID: 2064, moz:profile: C:\Users\lital\AppData\Loca..., moz:shutdownTimeout: 60000, moz:useNonSpecCompliantPointerOrigin: false, moz:webdriverClick: true, pageLoadStrategy: normal, platform: WINDOWS, platformName: WINDOWS, platformVersion: 10.0, rotatable: false, setWindowRect: true, strictFileInteractability: false, timeouts: {implicit: 0, pageLoad: 300000, script: 30000}, unhandledPromptBehavior: dismiss and notify}
Session ID: 3fb259c5-72c5-4e4f-a204-f5818552e58f
	at org.openqa.selenium.support.ui.WebDriverWait.timeoutException(WebDriverWait.java:95)
	at org.openqa.selenium.support.ui.FluentWait.until(FluentWait.java:272)
	at Steps.BaseSteps.alertShow(BaseSteps.java:165)
	at Steps.GameSteps.isAlert(GameSteps.java:162)
	at tests.ErrorHTests.skipFillingAQuestion(ErrorHTests.java:317)
	at java.util.concurrent.FutureTask.run(Unknown Source)
	at java.util.concurrent.ThreadPoolExecutor.runWorker(Unknown Source)
	at java.util.concurrent.ThreadPoolExecutor$Worker.run(Unknown Source)
	at java.lang.Thread.run(Unknown Source)
... Removed 16 stack frames</div></td></tr></table><p class="totop"><a href="#summary">back to summary</a></p>
<h3 id="m9">tests.ErrorHTests#answerNotChecked</h3><table class="result"><tr><th>Messages</th></tr><tr><td><div class="messages">Answer at setup is not checked<br/>Start game!!<br/>text expected: Please type here your question<br/>text expected:  question number: 1<br/>enter question 1 with A<br/>Enter first question<br/>text expected: Please enter 4 possible answers and Mark the right one! <br/>text expected:  question number: 1<br/>alert was present</div></td></tr></table><p class="totop"><a href="#summary">back to summary</a></p>
<h3 id="m10">tests.ErrorHTests#changeAnswerInSetup</h3><table class="result"><tr><th>Messages</th></tr><tr><td><div class="messages">Change selection of answer in setup stage<br/>Start game!!<br/>text expected: Please type here your question<br/>text expected:  question number: 1<br/>enter question 1 with A<br/>Enter first question<br/>text expected: Please enter 4 possible answers and Mark the right one! <br/>text expected:  question number: 1<br/>text expected: Please type here your question<br/>text expected:  question number: 2</div></td></tr></table><p class="totop"><a href="#summary">back to summary</a></p>
<h3 id="m11">tests.SanityTest#sanityTest</h3><table class="result"><tr><th>Messages</th></tr><tr><td><div class="messages">Start game!!<br/>text expected: Please type here your question<br/>text expected:  question number: 1<br/>enter question 1 with A<br/>Enter first question<br/>text expected: Please enter 4 possible answers and Mark the right one! <br/>text expected:  question number: 1<br/>text expected: Please type here your question<br/>text expected:  question number: 2<br/>enter question 2 with B<br/>Enter first question<br/>text expected: Please enter 4 possible answers and Mark the right one! <br/>text expected:  question number: 2<br/>text expected: Please type here your question<br/>text expected:  question number: 3<br/>enter question 3 with C<br/>Enter first question<br/>text expected: Please enter 4 possible answers and Mark the right one! <br/>text expected:  question number: 3<br/>text expected: You finished to build the test - lets play!!<br/>Let us play!!<br/>text expected: Test<br/>Answer checked on line: 1<br/>text expected: Test<br/>Answer checked on line: 1<br/>text expected: Test<br/>Answer checked on line: 1<br/>text expected: Try again<br/>Sanity test finished!!</div></td></tr></table><p class="totop"><a href="#summary">back to summary</a></p>
</body>
</html>
